{"/workspaces/QTOPS/nestjs/day_5/src/auth/auth.module.ts": {"path":"/workspaces/QTOPS/nestjs/day_5/src/auth/auth.module.ts","statementMap":{"0":{"start":{"line":1,"column":0},"end":{"line":1,"column":40}},"1":{"start":{"line":2,"column":0},"end":{"line":2,"column":50}},"2":{"start":{"line":3,"column":0},"end":{"line":3,"column":52}},"3":{"start":{"line":4,"column":0},"end":{"line":4,"column":58}},"4":{"start":{"line":5,"column":0},"end":{"line":5,"column":61}},"5":{"start":{"line":23,"column":7},"end":{"line":23,"column":null}},"6":{"start":{"line":23,"column":13},"end":{"line":23,"column":23}},"7":{"start":{"line":23,"column":13},"end":{"line":23,"column":null}},"8":{"start":{"line":13,"column":52},"end":{"line":16,"column":14}},"9":{"start":{"line":18,"column":25},"end":{"line":18,"column":36}}},"fnMap":{"0":{"name":"(anonymous_1)","decl":{"start":{"line":13,"column":24},"end":{"line":13,"column":25}},"loc":{"start":{"line":13,"column":52},"end":{"line":16,"column":14}}},"1":{"name":"(anonymous_2)","decl":{"start":{"line":18,"column":19},"end":{"line":18,"column":22}},"loc":{"start":{"line":18,"column":25},"end":{"line":18,"column":36}}}},"branchMap":{},"s":{"0":3,"1":3,"2":3,"3":3,"4":3,"5":3,"6":3,"7":3,"8":3,"9":9},"f":{"0":3,"1":9},"b":{}}
,"/workspaces/QTOPS/nestjs/day_5/src/common/common.module.ts": {"path":"/workspaces/QTOPS/nestjs/day_5/src/common/common.module.ts","statementMap":{"0":{"start":{"line":1,"column":0},"end":{"line":1,"column":50}},"1":{"start":{"line":2,"column":0},"end":{"line":2,"column":60}},"2":{"start":{"line":3,"column":0},"end":{"line":3,"column":62}},"3":{"start":{"line":10,"column":7},"end":{"line":10,"column":null}},"4":{"start":{"line":10,"column":13},"end":{"line":10,"column":25}},"5":{"start":{"line":10,"column":13},"end":{"line":10,"column":null}},"6":{"start":{"line":8,"column":31},"end":{"line":8,"column":42}}},"fnMap":{"0":{"name":"(anonymous_1)","decl":{"start":{"line":8,"column":25},"end":{"line":8,"column":28}},"loc":{"start":{"line":8,"column":31},"end":{"line":8,"column":42}}}},"branchMap":{},"s":{"0":3,"1":3,"2":3,"3":3,"4":3,"5":3,"6":9},"f":{"0":9},"b":{}}
,"/workspaces/QTOPS/nestjs/day_5/src/common/constants/roles.enum.ts": {"path":"/workspaces/QTOPS/nestjs/day_5/src/common/constants/roles.enum.ts","statementMap":{"0":{"start":{"line":1,"column":0},"end":{"line":1,"column":null}},"1":{"start":{"line":2,"column":4},"end":{"line":2,"column":null}},"2":{"start":{"line":3,"column":4},"end":{"line":3,"column":null}}},"fnMap":{"0":{"name":"(anonymous_0)","decl":{"start":{"line":1,"column":0},"end":{"line":1,"column":12}},"loc":{"start":{"line":1,"column":16},"end":{"line":4,"column":1}}}},"branchMap":{"0":{"loc":{"start":{"line":1,"column":12},"end":{"line":1,"column":null}},"type":"binary-expr","locations":[{"start":{"line":1,"column":12},"end":{"line":1,"column":16}},{"start":{"line":1,"column":16},"end":{"line":1,"column":null}}]}},"s":{"0":3,"1":3,"2":3},"f":{"0":3},"b":{"0":[3,3]}}
,"/workspaces/QTOPS/nestjs/day_5/src/common/decorators/auth.guard.ts": {"path":"/workspaces/QTOPS/nestjs/day_5/src/common/decorators/auth.guard.ts","statementMap":{"0":{"start":{"line":1,"column":0},"end":{"line":1,"column":41}},"1":{"start":{"line":2,"column":0},"end":{"line":2,"column":61}},"2":{"start":{"line":3,"column":0},"end":{"line":3,"column":110}},"3":{"start":{"line":6,"column":7},"end":{"line":43,"column":null}},"4":{"start":{"line":8,"column":25},"end":{"line":8,"column":37}},"5":{"start":{"line":9,"column":25},"end":{"line":9,"column":39}},"6":{"start":{"line":13,"column":24},"end":{"line":13,"column":59}},"7":{"start":{"line":14,"column":22},"end":{"line":14,"column":48}},"8":{"start":{"line":16,"column":8},"end":{"line":18,"column":9}},"9":{"start":{"line":17,"column":12},"end":{"line":17,"column":63}},"10":{"start":{"line":20,"column":8},"end":{"line":37,"column":9}},"11":{"start":{"line":21,"column":28},"end":{"line":21,"column":68}},"12":{"start":{"line":23,"column":12},"end":{"line":25,"column":13}},"13":{"start":{"line":24,"column":16},"end":{"line":24,"column":66}},"14":{"start":{"line":27,"column":25},"end":{"line":27,"column":70}},"15":{"start":{"line":29,"column":12},"end":{"line":31,"column":13}},"16":{"start":{"line":30,"column":16},"end":{"line":30,"column":79}},"17":{"start":{"line":33,"column":12},"end":{"line":33,"column":32}},"18":{"start":{"line":34,"column":12},"end":{"line":34,"column":24}},"19":{"start":{"line":36,"column":12},"end":{"line":36,"column":62}},"20":{"start":{"line":41,"column":8},"end":{"line":41,"column":69}},"21":{"start":{"line":6,"column":13},"end":{"line":6,"column":22}},"22":{"start":{"line":6,"column":13},"end":{"line":43,"column":null}}},"fnMap":{"0":{"name":"(anonymous_2)","decl":{"start":{"line":7,"column":4},"end":{"line":7,"column":null}},"loc":{"start":{"line":9,"column":51},"end":{"line":10,"column":9}}},"1":{"name":"(anonymous_3)","decl":{"start":{"line":12,"column":4},"end":{"line":12,"column":9}},"loc":{"start":{"line":12,"column":47},"end":{"line":38,"column":5}}},"2":{"name":"(anonymous_4)","decl":{"start":{"line":40,"column":12},"end":{"line":40,"column":24}},"loc":{"start":{"line":40,"column":37},"end":{"line":42,"column":5}}}},"branchMap":{"0":{"loc":{"start":{"line":16,"column":8},"end":{"line":18,"column":9}},"type":"if","locations":[{"start":{"line":16,"column":8},"end":{"line":18,"column":9}},{"start":{},"end":{}}]},"1":{"loc":{"start":{"line":23,"column":12},"end":{"line":25,"column":13}},"type":"if","locations":[{"start":{"line":23,"column":12},"end":{"line":25,"column":13}},{"start":{},"end":{}}]},"2":{"loc":{"start":{"line":23,"column":16},"end":{"line":23,"column":40}},"type":"binary-expr","locations":[{"start":{"line":23,"column":16},"end":{"line":23,"column":24}},{"start":{"line":23,"column":28},"end":{"line":23,"column":40}}]},"3":{"loc":{"start":{"line":29,"column":12},"end":{"line":31,"column":13}},"type":"if","locations":[{"start":{"line":29,"column":12},"end":{"line":31,"column":13}},{"start":{},"end":{}}]},"4":{"loc":{"start":{"line":29,"column":16},"end":{"line":29,"column":39}},"type":"binary-expr","locations":[{"start":{"line":29,"column":16},"end":{"line":29,"column":21}},{"start":{"line":29,"column":25},"end":{"line":29,"column":39}}]},"5":{"loc":{"start":{"line":41,"column":15},"end":{"line":41,"column":68}},"type":"cond-expr","locations":[{"start":{"line":41,"column":44},"end":{"line":41,"column":46}},{"start":{"line":41,"column":44},"end":{"line":41,"column":68}}]},"6":{"loc":{"start":{"line":41,"column":15},"end":{"line":41,"column":46}},"type":"binary-expr","locations":[{"start":{"line":41,"column":15},"end":{"line":41,"column":46}},{"start":{"line":41,"column":44},"end":{"line":41,"column":46}}]}},"s":{"0":3,"1":3,"2":3,"3":3,"4":9,"5":9,"6":169,"7":169,"8":169,"9":0,"10":169,"11":169,"12":169,"13":0,"14":169,"15":169,"16":0,"17":169,"18":169,"19":0,"20":169,"21":3,"22":3},"f":{"0":9,"1":169,"2":169},"b":{"0":[0,169],"1":[0,169],"2":[169,169],"3":[0,169],"4":[169,169],"5":[0,169],"6":[169,169]}}
,"/workspaces/QTOPS/nestjs/day_5/src/common/decorators/retry.decorator.ts": {"path":"/workspaces/QTOPS/nestjs/day_5/src/common/decorators/retry.decorator.ts","statementMap":{"0":{"start":{"line":5,"column":0},"end":{"line":5,"column":16}},"1":{"start":{"line":1,"column":0},"end":{"line":1,"column":66}},"2":{"start":{"line":2,"column":0},"end":{"line":2,"column":74}},"3":{"start":{"line":6,"column":4},"end":{"line":6,"column":99}}},"fnMap":{"0":{"name":"Retry","decl":{"start":{"line":5,"column":16},"end":{"line":5,"column":21}},"loc":{"start":{"line":5,"column":43},"end":{"line":7,"column":1}}}},"branchMap":{},"s":{"0":3,"1":3,"2":3,"3":12},"f":{"0":12},"b":{}}
,"/workspaces/QTOPS/nestjs/day_5/src/common/decorators/roles.decorator.ts": {"path":"/workspaces/QTOPS/nestjs/day_5/src/common/decorators/roles.decorator.ts","statementMap":{"0":{"start":{"line":1,"column":0},"end":{"line":1,"column":45}},"1":{"start":{"line":4,"column":21},"end":{"line":4,"column":70}},"2":{"start":{"line":4,"column":43},"end":{"line":4,"column":70}},"3":{"start":{"line":4,"column":13},"end":{"line":4,"column":21}}},"fnMap":{"0":{"name":"(anonymous_0)","decl":{"start":{"line":4,"column":21},"end":{"line":4,"column":22}},"loc":{"start":{"line":4,"column":43},"end":{"line":4,"column":70}}}},"branchMap":{},"s":{"0":3,"1":3,"2":33,"3":3},"f":{"0":33},"b":{}}
,"/workspaces/QTOPS/nestjs/day_5/src/common/decorators/roles.guard.ts": {"path":"/workspaces/QTOPS/nestjs/day_5/src/common/decorators/roles.guard.ts","statementMap":{"0":{"start":{"line":1,"column":0},"end":{"line":1,"column":41}},"1":{"start":{"line":3,"column":0},"end":{"line":3,"column":118}},"2":{"start":{"line":6,"column":7},"end":{"line":34,"column":null}},"3":{"start":{"line":7,"column":33},"end":{"line":7,"column":44}},"4":{"start":{"line":10,"column":30},"end":{"line":13,"column":10}},"5":{"start":{"line":15,"column":8},"end":{"line":17,"column":9}},"6":{"start":{"line":16,"column":12},"end":{"line":16,"column":24}},"7":{"start":{"line":19,"column":24},"end":{"line":19,"column":59}},"8":{"start":{"line":20,"column":21},"end":{"line":20,"column":33}},"9":{"start":{"line":22,"column":8},"end":{"line":24,"column":9}},"10":{"start":{"line":23,"column":12},"end":{"line":23,"column":70}},"11":{"start":{"line":26,"column":24},"end":{"line":26,"column":78}},"12":{"start":{"line":26,"column":51},"end":{"line":26,"column":78}},"13":{"start":{"line":28,"column":8},"end":{"line":30,"column":9}},"14":{"start":{"line":29,"column":12},"end":{"line":29,"column":67}},"15":{"start":{"line":32,"column":8},"end":{"line":32,"column":20}},"16":{"start":{"line":6,"column":13},"end":{"line":6,"column":23}},"17":{"start":{"line":6,"column":13},"end":{"line":34,"column":null}}},"fnMap":{"0":{"name":"(anonymous_2)","decl":{"start":{"line":7,"column":4},"end":{"line":7,"column":33}},"loc":{"start":{"line":7,"column":53},"end":{"line":7,"column":58}}},"1":{"name":"(anonymous_3)","decl":{"start":{"line":9,"column":4},"end":{"line":9,"column":15}},"loc":{"start":{"line":9,"column":41},"end":{"line":33,"column":5}}},"2":{"name":"(anonymous_4)","decl":{"start":{"line":26,"column":43},"end":{"line":26,"column":47}},"loc":{"start":{"line":26,"column":50},"end":{"line":26,"column":78}}}},"branchMap":{"0":{"loc":{"start":{"line":15,"column":8},"end":{"line":17,"column":9}},"type":"if","locations":[{"start":{"line":15,"column":8},"end":{"line":17,"column":9}},{"start":{},"end":{}}]},"1":{"loc":{"start":{"line":22,"column":8},"end":{"line":24,"column":9}},"type":"if","locations":[{"start":{"line":22,"column":8},"end":{"line":24,"column":9}},{"start":{},"end":{}}]},"2":{"loc":{"start":{"line":26,"column":51},"end":{"line":26,"column":77}},"type":"cond-expr","locations":[{"start":{"line":26,"column":61},"end":{"line":26,"column":63}},{"start":{"line":26,"column":61},"end":{"line":26,"column":77}}]},"3":{"loc":{"start":{"line":26,"column":51},"end":{"line":26,"column":63}},"type":"binary-expr","locations":[{"start":{"line":26,"column":51},"end":{"line":26,"column":63}},{"start":{"line":26,"column":61},"end":{"line":26,"column":63}}]},"4":{"loc":{"start":{"line":28,"column":8},"end":{"line":30,"column":9}},"type":"if","locations":[{"start":{"line":28,"column":8},"end":{"line":30,"column":9}},{"start":{},"end":{}}]}},"s":{"0":3,"1":3,"2":3,"3":6,"4":169,"5":169,"6":0,"7":169,"8":169,"9":169,"10":0,"11":169,"12":228,"13":169,"14":0,"15":169,"16":3,"17":3},"f":{"0":6,"1":169,"2":228},"b":{"0":[0,169],"1":[0,169],"2":[0,228],"3":[228,228],"4":[0,169]}}
,"/workspaces/QTOPS/nestjs/day_5/src/common/exceptions/domain.exceptions.ts": {"path":"/workspaces/QTOPS/nestjs/day_5/src/common/exceptions/domain.exceptions.ts","statementMap":{"0":{"start":{"line":1,"column":0},"end":{"line":1,"column":59}},"1":{"start":{"line":5,"column":8},"end":{"line":5,"column":35}},"2":{"start":{"line":3,"column":0},"end":{"line":3,"column":22}},"3":{"start":{"line":11,"column":8},"end":{"line":11,"column":80}},"4":{"start":{"line":9,"column":0},"end":{"line":9,"column":13}},"5":{"start":{"line":17,"column":8},"end":{"line":17,"column":80}},"6":{"start":{"line":19,"column":8},"end":{"line":25,"column":9}},"7":{"start":{"line":20,"column":29},"end":{"line":20,"column":47}},"8":{"start":{"line":22,"column":12},"end":{"line":24,"column":13}},"9":{"start":{"line":23,"column":17},"end":{"line":23,"column":75}},"10":{"start":{"line":15,"column":0},"end":{"line":15,"column":13}},"11":{"start":{"line":31,"column":8},"end":{"line":31,"column":92}},"12":{"start":{"line":29,"column":0},"end":{"line":29,"column":13}}},"fnMap":{"0":{"name":"(anonymous_0)","decl":{"start":{"line":4,"column":4},"end":{"line":4,"column":16}},"loc":{"start":{"line":4,"column":55},"end":{"line":6,"column":5}}},"1":{"name":"(anonymous_1)","decl":{"start":{"line":10,"column":4},"end":{"line":10,"column":16}},"loc":{"start":{"line":10,"column":46},"end":{"line":12,"column":5}}},"2":{"name":"(anonymous_2)","decl":{"start":{"line":16,"column":4},"end":{"line":16,"column":16}},"loc":{"start":{"line":16,"column":48},"end":{"line":26,"column":5}}},"3":{"name":"(anonymous_3)","decl":{"start":{"line":30,"column":4},"end":{"line":30,"column":16}},"loc":{"start":{"line":30,"column":48},"end":{"line":32,"column":5}}}},"branchMap":{"0":{"loc":{"start":{"line":19,"column":8},"end":{"line":25,"column":9}},"type":"if","locations":[{"start":{"line":19,"column":8},"end":{"line":25,"column":9}},{"start":{},"end":{}}]},"1":{"loc":{"start":{"line":22,"column":12},"end":{"line":24,"column":13}},"type":"if","locations":[{"start":{"line":22,"column":12},"end":{"line":24,"column":13}},{"start":{},"end":{}}]},"2":{"loc":{"start":{"line":22,"column":16},"end":{"line":22,"column":65}},"type":"binary-expr","locations":[{"start":{"line":22,"column":16},"end":{"line":22,"column":44}},{"start":{"line":22,"column":48},"end":{"line":22,"column":65}}]}},"s":{"0":3,"1":0,"2":3,"3":0,"4":3,"5":0,"6":0,"7":0,"8":0,"9":0,"10":3,"11":0,"12":3},"f":{"0":0,"1":0,"2":0,"3":0},"b":{"0":[0,0],"1":[0,0],"2":[0,0]}}
,"/workspaces/QTOPS/nestjs/day_5/src/common/exceptions/ecommerce.exceptions.ts": {"path":"/workspaces/QTOPS/nestjs/day_5/src/common/exceptions/ecommerce.exceptions.ts","statementMap":{"0":{"start":{"line":1,"column":0},"end":{"line":1,"column":111}},"1":{"start":{"line":5,"column":8},"end":{"line":5,"column":37}},"2":{"start":{"line":3,"column":0},"end":{"line":3,"column":13}},"3":{"start":{"line":11,"column":8},"end":{"line":14,"column":11}},"4":{"start":{"line":9,"column":0},"end":{"line":9,"column":13}},"5":{"start":{"line":20,"column":8},"end":{"line":23,"column":10}},"6":{"start":{"line":18,"column":0},"end":{"line":18,"column":13}}},"fnMap":{"0":{"name":"(anonymous_0)","decl":{"start":{"line":4,"column":4},"end":{"line":4,"column":16}},"loc":{"start":{"line":4,"column":33},"end":{"line":6,"column":5}}},"1":{"name":"(anonymous_1)","decl":{"start":{"line":10,"column":4},"end":{"line":10,"column":16}},"loc":{"start":{"line":10,"column":73},"end":{"line":15,"column":5}}},"2":{"name":"(anonymous_2)","decl":{"start":{"line":19,"column":4},"end":{"line":19,"column":16}},"loc":{"start":{"line":19,"column":61},"end":{"line":24,"column":5}}}},"branchMap":{},"s":{"0":3,"1":0,"2":3,"3":0,"4":3,"5":0,"6":3},"f":{"0":0,"1":0,"2":0},"b":{}}
,"/workspaces/QTOPS/nestjs/day_5/src/common/interceptors/audit.interceptor.ts": {"path":"/workspaces/QTOPS/nestjs/day_5/src/common/interceptors/audit.interceptor.ts","statementMap":{"0":{"start":{"line":1,"column":0},"end":{"line":1,"column":51}},"1":{"start":{"line":2,"column":0},"end":{"line":2,"column":62}},"2":{"start":{"line":3,"column":0},"end":{"line":3,"column":92}},"3":{"start":{"line":6,"column":7},"end":{"line":45,"column":null}},"4":{"start":{"line":7,"column":33},"end":{"line":7,"column":47}},"5":{"start":{"line":10,"column":24},"end":{"line":10,"column":59}},"6":{"start":{"line":11,"column":21},"end":{"line":11,"column":33}},"7":{"start":{"line":12,"column":23},"end":{"line":12,"column":80}},"8":{"start":{"line":14,"column":8},"end":{"line":39,"column":10}},"9":{"start":{"line":16,"column":16},"end":{"line":24,"column":19}},"10":{"start":{"line":27,"column":16},"end":{"line":36,"column":19}},"11":{"start":{"line":37,"column":16},"end":{"line":37,"column":28}},"12":{"start":{"line":43,"column":8},"end":{"line":43,"column":54}},"13":{"start":{"line":6,"column":13},"end":{"line":6,"column":29}},"14":{"start":{"line":6,"column":13},"end":{"line":45,"column":null}}},"fnMap":{"0":{"name":"(anonymous_2)","decl":{"start":{"line":7,"column":4},"end":{"line":7,"column":33}},"loc":{"start":{"line":7,"column":59},"end":{"line":7,"column":64}}},"1":{"name":"(anonymous_3)","decl":{"start":{"line":9,"column":4},"end":{"line":9,"column":13}},"loc":{"start":{"line":9,"column":58},"end":{"line":40,"column":5}}},"2":{"name":"(anonymous_4)","decl":{"start":{"line":15,"column":16},"end":{"line":15,"column":21}},"loc":{"start":{"line":15,"column":33},"end":{"line":25,"column":13}}},"3":{"name":"(anonymous_5)","decl":{"start":{"line":26,"column":23},"end":{"line":26,"column":28}},"loc":{"start":{"line":26,"column":39},"end":{"line":38,"column":13}}},"4":{"name":"(anonymous_6)","decl":{"start":{"line":42,"column":12},"end":{"line":42,"column":29}},"loc":{"start":{"line":42,"column":42},"end":{"line":44,"column":5}}}},"branchMap":{"0":{"loc":{"start":{"line":12,"column":44},"end":{"line":12,"column":78}},"type":"binary-expr","locations":[{"start":{"line":12,"column":44},"end":{"line":12,"column":63}},{"start":{"line":12,"column":67},"end":{"line":12,"column":78}}]},"1":{"loc":{"start":{"line":12,"column":44},"end":{"line":12,"column":63}},"type":"cond-expr","locations":[{"start":{"line":12,"column":57},"end":{"line":12,"column":59}},{"start":{"line":12,"column":57},"end":{"line":12,"column":63}}]},"2":{"loc":{"start":{"line":12,"column":44},"end":{"line":12,"column":59}},"type":"binary-expr","locations":[{"start":{"line":12,"column":44},"end":{"line":12,"column":59}},{"start":{"line":12,"column":57},"end":{"line":12,"column":59}}]},"3":{"loc":{"start":{"line":17,"column":28},"end":{"line":17,"column":36}},"type":"cond-expr","locations":[{"start":{"line":17,"column":32},"end":{"line":17,"column":34}},{"start":{"line":17,"column":28},"end":{"line":17,"column":36}}]},"4":{"loc":{"start":{"line":17,"column":28},"end":{"line":17,"column":34}},"type":"binary-expr","locations":[{"start":{"line":17,"column":28},"end":{"line":17,"column":34}},{"start":{"line":17,"column":28},"end":{"line":17,"column":34}}]},"5":{"loc":{"start":{"line":28,"column":28},"end":{"line":28,"column":36}},"type":"cond-expr","locations":[{"start":{"line":28,"column":32},"end":{"line":28,"column":34}},{"start":{"line":28,"column":28},"end":{"line":28,"column":36}}]},"6":{"loc":{"start":{"line":28,"column":28},"end":{"line":28,"column":34}},"type":"binary-expr","locations":[{"start":{"line":28,"column":28},"end":{"line":28,"column":34}},{"start":{"line":28,"column":28},"end":{"line":28,"column":34}}]},"7":{"loc":{"start":{"line":43,"column":15},"end":{"line":43,"column":54}},"type":"binary-expr","locations":[{"start":{"line":43,"column":15},"end":{"line":43,"column":33}},{"start":{"line":43,"column":37},"end":{"line":43,"column":53}}]},"8":{"loc":{"start":{"line":43,"column":15},"end":{"line":43,"column":33}},"type":"cond-expr","locations":[{"start":{"line":43,"column":29},"end":{"line":43,"column":31}},{"start":{"line":43,"column":29},"end":{"line":43,"column":33}}]},"9":{"loc":{"start":{"line":43,"column":15},"end":{"line":43,"column":31}},"type":"binary-expr","locations":[{"start":{"line":43,"column":15},"end":{"line":43,"column":31}},{"start":{"line":43,"column":29},"end":{"line":43,"column":31}}]},"10":{"loc":{"start":{"line":43,"column":37},"end":{"line":43,"column":53}},"type":"cond-expr","locations":[{"start":{"line":43,"column":49},"end":{"line":43,"column":51}},{"start":{"line":43,"column":49},"end":{"line":43,"column":53}}]},"11":{"loc":{"start":{"line":43,"column":37},"end":{"line":43,"column":51}},"type":"binary-expr","locations":[{"start":{"line":43,"column":37},"end":{"line":43,"column":51}},{"start":{"line":43,"column":49},"end":{"line":43,"column":51}}]}},"s":{"0":3,"1":3,"2":3,"3":3,"4":6,"5":169,"6":169,"7":169,"8":169,"9":169,"10":0,"11":0,"12":169,"13":3,"14":3},"f":{"0":6,"1":169,"2":169,"3":0,"4":169},"b":{"0":[169,0],"1":[0,169],"2":[169,169],"3":[0,169],"4":[169,169],"5":[0,0],"6":[0,0],"7":[169,161],"8":[0,169],"9":[169,169],"10":[2,159],"11":[161,161]}}
,"/workspaces/QTOPS/nestjs/day_5/src/common/interceptors/cache.interceptor.ts": {"path":"/workspaces/QTOPS/nestjs/day_5/src/common/interceptors/cache.interceptor.ts","statementMap":{"0":{"start":{"line":1,"column":0},"end":{"line":1,"column":43}},"1":{"start":{"line":2,"column":0},"end":{"line":2,"column":47}},"2":{"start":{"line":4,"column":0},"end":{"line":4,"column":101}},"3":{"start":{"line":7,"column":29},"end":{"line":59,"column":null}},"4":{"start":{"line":12,"column":33},"end":{"line":12,"column":48}},"5":{"start":{"line":9,"column":12},"end":{"line":9,"column":50}},"6":{"start":{"line":10,"column":21},"end":{"line":10,"column":64}},"7":{"start":{"line":13,"column":8},"end":{"line":13,"column":83}},"8":{"start":{"line":17,"column":24},"end":{"line":17,"column":59}},"9":{"start":{"line":18,"column":23},"end":{"line":18,"column":37}},"10":{"start":{"line":21,"column":8},"end":{"line":39,"column":9}},"11":{"start":{"line":22,"column":24},"end":{"line":22,"column":54}},"12":{"start":{"line":23,"column":27},"end":{"line":23,"column":46}},"13":{"start":{"line":25,"column":12},"end":{"line":29,"column":13}},"14":{"start":{"line":27,"column":16},"end":{"line":27,"column":53}},"15":{"start":{"line":28,"column":16},"end":{"line":28,"column":40}},"16":{"start":{"line":32,"column":12},"end":{"line":32,"column":50}},"17":{"start":{"line":34,"column":12},"end":{"line":38,"column":14}},"18":{"start":{"line":36,"column":20},"end":{"line":36,"column":80}},"19":{"start":{"line":42,"column":8},"end":{"line":45,"column":9}},"20":{"start":{"line":43,"column":12},"end":{"line":43,"column":63}},"21":{"start":{"line":44,"column":12},"end":{"line":44,"column":31}},"22":{"start":{"line":47,"column":8},"end":{"line":47,"column":29}},"23":{"start":{"line":51,"column":45},"end":{"line":51,"column":52}},"24":{"start":{"line":53,"column":23},"end":{"line":53,"column":46}},"25":{"start":{"line":54,"column":33},"end":{"line":54,"column":61}},"26":{"start":{"line":55,"column":32},"end":{"line":55,"column":59}},"27":{"start":{"line":57,"column":8},"end":{"line":57,"column":82}},"28":{"start":{"line":7,"column":13},"end":{"line":7,"column":29}},"29":{"start":{"line":7,"column":13},"end":{"line":59,"column":null}}},"fnMap":{"0":{"name":"(anonymous_2)","decl":{"start":{"line":12,"column":4},"end":{"line":12,"column":33}},"loc":{"start":{"line":12,"column":61},"end":{"line":14,"column":5}}},"1":{"name":"(anonymous_3)","decl":{"start":{"line":16,"column":4},"end":{"line":16,"column":13}},"loc":{"start":{"line":16,"column":58},"end":{"line":48,"column":5}}},"2":{"name":"(anonymous_4)","decl":{"start":{"line":35,"column":20},"end":{"line":35,"column":21}},"loc":{"start":{"line":35,"column":29},"end":{"line":37,"column":17}}},"3":{"name":"(anonymous_5)","decl":{"start":{"line":50,"column":12},"end":{"line":50,"column":28}},"loc":{"start":{"line":50,"column":41},"end":{"line":58,"column":5}}}},"branchMap":{"0":{"loc":{"start":{"line":13,"column":19},"end":{"line":13,"column":82}},"type":"binary-expr","locations":[{"start":{"line":13,"column":19},"end":{"line":13,"column":65}},{"start":{"line":13,"column":69},"end":{"line":13,"column":82}}]},"1":{"loc":{"start":{"line":21,"column":8},"end":{"line":39,"column":9}},"type":"if","locations":[{"start":{"line":21,"column":8},"end":{"line":39,"column":9}},{"start":{},"end":{}}]},"2":{"loc":{"start":{"line":25,"column":12},"end":{"line":29,"column":13}},"type":"if","locations":[{"start":{"line":25,"column":12},"end":{"line":29,"column":13}},{"start":{},"end":{}}]},"3":{"loc":{"start":{"line":25,"column":16},"end":{"line":25,"column":66}},"type":"binary-expr","locations":[{"start":{"line":25,"column":16},"end":{"line":25,"column":22}},{"start":{"line":25,"column":26},"end":{"line":25,"column":66}}]},"4":{"loc":{"start":{"line":42,"column":8},"end":{"line":45,"column":9}},"type":"if","locations":[{"start":{"line":42,"column":8},"end":{"line":45,"column":9}},{"start":{},"end":{}}]},"5":{"loc":{"start":{"line":53,"column":23},"end":{"line":53,"column":46}},"type":"binary-expr","locations":[{"start":{"line":53,"column":23},"end":{"line":53,"column":31}},{"start":{"line":53,"column":35},"end":{"line":53,"column":46}}]},"6":{"loc":{"start":{"line":53,"column":23},"end":{"line":53,"column":31}},"type":"cond-expr","locations":[{"start":{"line":53,"column":27},"end":{"line":53,"column":29}},{"start":{"line":53,"column":23},"end":{"line":53,"column":31}}]},"7":{"loc":{"start":{"line":53,"column":23},"end":{"line":53,"column":29}},"type":"binary-expr","locations":[{"start":{"line":53,"column":23},"end":{"line":53,"column":29}},{"start":{"line":53,"column":23},"end":{"line":53,"column":29}}]},"8":{"loc":{"start":{"line":54,"column":48},"end":{"line":54,"column":60}},"type":"binary-expr","locations":[{"start":{"line":54,"column":48},"end":{"line":54,"column":54}},{"start":{"line":54,"column":58},"end":{"line":54,"column":60}}]},"9":{"loc":{"start":{"line":55,"column":47},"end":{"line":55,"column":58}},"type":"binary-expr","locations":[{"start":{"line":55,"column":47},"end":{"line":55,"column":52}},{"start":{"line":55,"column":56},"end":{"line":55,"column":58}}]}},"s":{"0":3,"1":3,"2":3,"3":3,"4":6,"5":6,"6":6,"7":6,"8":169,"9":169,"10":169,"11":4,"12":4,"13":4,"14":0,"15":0,"16":4,"17":4,"18":4,"19":165,"20":165,"21":165,"22":165,"23":4,"24":4,"25":4,"26":4,"27":4,"28":3,"29":3},"f":{"0":6,"1":169,"2":4,"3":4},"b":{"0":[6,0],"1":[4,165],"2":[0,4],"3":[4,0],"4":[165,0],"5":[4,0],"6":[0,4],"7":[4,4],"8":[4,0],"9":[4,0]}}
,"/workspaces/QTOPS/nestjs/day_5/src/common/interceptors/logging.interceptor.ts": {"path":"/workspaces/QTOPS/nestjs/day_5/src/common/interceptors/logging.interceptor.ts","statementMap":{"0":{"start":{"line":1,"column":0},"end":{"line":1,"column":39}},"1":{"start":{"line":2,"column":0},"end":{"line":2,"column":100}},"2":{"start":{"line":5,"column":7},"end":{"line":21,"column":null}},"3":{"start":{"line":6,"column":21},"end":{"line":6,"column":49}},"4":{"start":{"line":9,"column":20},"end":{"line":9,"column":55}},"5":{"start":{"line":10,"column":32},"end":{"line":10,"column":35}},"6":{"start":{"line":12,"column":20},"end":{"line":12,"column":30}},"7":{"start":{"line":14,"column":8},"end":{"line":19,"column":10}},"8":{"start":{"line":16,"column":30},"end":{"line":16,"column":46}},"9":{"start":{"line":17,"column":16},"end":{"line":17,"column":65}},"10":{"start":{"line":5,"column":13},"end":{"line":5,"column":31}},"11":{"start":{"line":5,"column":13},"end":{"line":21,"column":null}}},"fnMap":{"0":{"name":"(anonymous_1)","decl":{"start":{"line":5,"column":7},"end":{"line":5,"column":13}},"loc":{"start":{"line":5,"column":7},"end":{"line":21,"column":1}}},"1":{"name":"(anonymous_2)","decl":{"start":{"line":8,"column":4},"end":{"line":8,"column":13}},"loc":{"start":{"line":8,"column":58},"end":{"line":20,"column":5}}},"2":{"name":"(anonymous_3)","decl":{"start":{"line":15,"column":16},"end":{"line":15,"column":19}},"loc":{"start":{"line":15,"column":21},"end":{"line":18,"column":13}}}},"branchMap":{},"s":{"0":3,"1":3,"2":3,"3":6,"4":169,"5":169,"6":169,"7":169,"8":169,"9":169,"10":3,"11":3},"f":{"0":6,"1":169,"2":169},"b":{}}
,"/workspaces/QTOPS/nestjs/day_5/src/common/interceptors/response-tranform.interceptor.ts": {"path":"/workspaces/QTOPS/nestjs/day_5/src/common/interceptors/response-tranform.interceptor.ts","statementMap":{"0":{"start":{"line":1,"column":0},"end":{"line":1,"column":39}},"1":{"start":{"line":2,"column":0},"end":{"line":2,"column":92}},"2":{"start":{"line":5,"column":7},"end":{"line":15,"column":null}},"3":{"start":{"line":7,"column":8},"end":{"line":13,"column":10}},"4":{"start":{"line":8,"column":25},"end":{"line":12,"column":14}},"5":{"start":{"line":5,"column":13},"end":{"line":5,"column":41}},"6":{"start":{"line":5,"column":13},"end":{"line":15,"column":null}}},"fnMap":{"0":{"name":"(anonymous_1)","decl":{"start":{"line":6,"column":4},"end":{"line":6,"column":13}},"loc":{"start":{"line":6,"column":58},"end":{"line":14,"column":5}}},"1":{"name":"(anonymous_2)","decl":{"start":{"line":8,"column":16},"end":{"line":8,"column":20}},"loc":{"start":{"line":8,"column":25},"end":{"line":12,"column":14}}}},"branchMap":{},"s":{"0":3,"1":3,"2":3,"3":169,"4":169,"5":3,"6":3},"f":{"0":169,"1":169},"b":{}}
,"/workspaces/QTOPS/nestjs/day_5/src/common/interceptors/retry.interceptor.ts": {"path":"/workspaces/QTOPS/nestjs/day_5/src/common/interceptors/retry.interceptor.ts","statementMap":{"0":{"start":{"line":1,"column":0},"end":{"line":1,"column":48}},"1":{"start":{"line":2,"column":0},"end":{"line":2,"column":93}},"2":{"start":{"line":5,"column":7},"end":{"line":22,"column":null}},"3":{"start":{"line":7,"column":25},"end":{"line":7,"column":43}},"4":{"start":{"line":8,"column":25},"end":{"line":8,"column":47}},"5":{"start":{"line":12,"column":8},"end":{"line":20,"column":10}},"6":{"start":{"line":16,"column":38},"end":{"line":16,"column":80}},"7":{"start":{"line":17,"column":20},"end":{"line":17,"column":44}},"8":{"start":{"line":5,"column":13},"end":{"line":5,"column":29}},"9":{"start":{"line":5,"column":13},"end":{"line":22,"column":null}}},"fnMap":{"0":{"name":"(anonymous_2)","decl":{"start":{"line":6,"column":4},"end":{"line":6,"column":null}},"loc":{"start":{"line":8,"column":48},"end":{"line":9,"column":9}}},"1":{"name":"(anonymous_3)","decl":{"start":{"line":11,"column":4},"end":{"line":11,"column":13}},"loc":{"start":{"line":11,"column":52},"end":{"line":21,"column":5}}},"2":{"name":"(anonymous_4)","decl":{"start":{"line":15,"column":23},"end":{"line":15,"column":24}},"loc":{"start":{"line":15,"column":46},"end":{"line":18,"column":17}}}},"branchMap":{"0":{"loc":{"start":{"line":7,"column":25},"end":{"line":7,"column":46}},"type":"default-arg","locations":[{"start":{"line":7,"column":43},"end":{"line":7,"column":46}}]},"1":{"loc":{"start":{"line":8,"column":25},"end":{"line":8,"column":48}},"type":"default-arg","locations":[{"start":{"line":8,"column":47},"end":{"line":8,"column":48}}]}},"s":{"0":3,"1":3,"2":3,"3":12,"4":12,"5":59,"6":0,"7":0,"8":3,"9":3},"f":{"0":12,"1":59,"2":0},"b":{"0":[0],"1":[0]}}
,"/workspaces/QTOPS/nestjs/day_5/src/common/services/audit.service.ts": {"path":"/workspaces/QTOPS/nestjs/day_5/src/common/services/audit.service.ts","statementMap":{"0":{"start":{"line":1,"column":0},"end":{"line":1,"column":52}},"1":{"start":{"line":4,"column":7},"end":{"line":10,"column":null}},"2":{"start":{"line":5,"column":21},"end":{"line":5,"column":50}},"3":{"start":{"line":8,"column":8},"end":{"line":8,"column":47}},"4":{"start":{"line":4,"column":13},"end":{"line":4,"column":25}},"5":{"start":{"line":4,"column":13},"end":{"line":10,"column":null}}},"fnMap":{"0":{"name":"(anonymous_1)","decl":{"start":{"line":4,"column":7},"end":{"line":4,"column":13}},"loc":{"start":{"line":4,"column":7},"end":{"line":10,"column":1}}},"1":{"name":"(anonymous_2)","decl":{"start":{"line":7,"column":4},"end":{"line":7,"column":9}},"loc":{"start":{"line":7,"column":46},"end":{"line":9,"column":5}}}},"branchMap":{},"s":{"0":3,"1":3,"2":3,"3":169,"4":3,"5":3},"f":{"0":3,"1":169},"b":{}}
,"/workspaces/QTOPS/nestjs/day_5/src/orders/orders.module.ts": {"path":"/workspaces/QTOPS/nestjs/day_5/src/orders/orders.module.ts","statementMap":{"0":{"start":{"line":1,"column":0},"end":{"line":1,"column":40}},"1":{"start":{"line":2,"column":0},"end":{"line":2,"column":48}},"2":{"start":{"line":3,"column":0},"end":{"line":3,"column":47}},"3":{"start":{"line":4,"column":0},"end":{"line":4,"column":50}},"4":{"start":{"line":5,"column":0},"end":{"line":5,"column":53}},"5":{"start":{"line":6,"column":0},"end":{"line":6,"column":54}},"6":{"start":{"line":7,"column":0},"end":{"line":7,"column":59}},"7":{"start":{"line":8,"column":0},"end":{"line":8,"column":63}},"8":{"start":{"line":9,"column":0},"end":{"line":9,"column":64}},"9":{"start":{"line":10,"column":0},"end":{"line":10,"column":73}},"10":{"start":{"line":18,"column":7},"end":{"line":18,"column":null}},"11":{"start":{"line":18,"column":13},"end":{"line":18,"column":25}},"12":{"start":{"line":18,"column":13},"end":{"line":18,"column":null}}},"fnMap":{},"branchMap":{},"s":{"0":3,"1":3,"2":3,"3":3,"4":3,"5":3,"6":3,"7":3,"8":3,"9":3,"10":3,"11":3,"12":3},"f":{},"b":{}}
,"/workspaces/QTOPS/nestjs/day_5/src/orders/constants/order-status.enum.ts": {"path":"/workspaces/QTOPS/nestjs/day_5/src/orders/constants/order-status.enum.ts","statementMap":{"0":{"start":{"line":1,"column":0},"end":{"line":1,"column":null}},"1":{"start":{"line":2,"column":4},"end":{"line":2,"column":null}},"2":{"start":{"line":3,"column":4},"end":{"line":3,"column":null}},"3":{"start":{"line":4,"column":4},"end":{"line":4,"column":null}}},"fnMap":{"0":{"name":"(anonymous_0)","decl":{"start":{"line":1,"column":0},"end":{"line":1,"column":12}},"loc":{"start":{"line":1,"column":23},"end":{"line":5,"column":1}}}},"branchMap":{"0":{"loc":{"start":{"line":1,"column":12},"end":{"line":1,"column":null}},"type":"binary-expr","locations":[{"start":{"line":1,"column":12},"end":{"line":1,"column":23}},{"start":{"line":1,"column":23},"end":{"line":1,"column":null}}]}},"s":{"0":3,"1":3,"2":3,"3":3},"f":{"0":3},"b":{"0":[3,3]}}
,"/workspaces/QTOPS/nestjs/day_5/src/orders/controllers/orders.controller.ts": {"path":"/workspaces/QTOPS/nestjs/day_5/src/orders/controllers/orders.controller.ts","statementMap":{"0":{"start":{"line":1,"column":0},"end":{"line":1,"column":52}},"1":{"start":{"line":3,"column":0},"end":{"line":3,"column":58}},"2":{"start":{"line":4,"column":0},"end":{"line":4,"column":59}},"3":{"start":{"line":5,"column":0},"end":{"line":5,"column":59}},"4":{"start":{"line":6,"column":0},"end":{"line":6,"column":60}},"5":{"start":{"line":7,"column":0},"end":{"line":7,"column":62}},"6":{"start":{"line":8,"column":0},"end":{"line":8,"column":62}},"7":{"start":{"line":9,"column":0},"end":{"line":9,"column":64}},"8":{"start":{"line":10,"column":0},"end":{"line":10,"column":66}},"9":{"start":{"line":11,"column":0},"end":{"line":11,"column":69}},"10":{"start":{"line":12,"column":0},"end":{"line":12,"column":74}},"11":{"start":{"line":13,"column":0},"end":{"line":13,"column":74}},"12":{"start":{"line":14,"column":0},"end":{"line":14,"column":78}},"13":{"start":{"line":16,"column":0},"end":{"line":16,"column":98}},"14":{"start":{"line":17,"column":0},"end":{"line":17,"column":154}},"15":{"start":{"line":24,"column":7},"end":{"line":113,"column":null}},"16":{"start":{"line":26,"column":21},"end":{"line":26,"column":29}},"17":{"start":{"line":27,"column":21},"end":{"line":27,"column":36}},"18":{"start":{"line":40,"column":4},"end":{"line":40,"column":77}},"19":{"start":{"line":42,"column":18},"end":{"line":42,"column":75}},"20":{"start":{"line":44,"column":4},"end":{"line":44,"column":51}},"21":{"start":{"line":51,"column":4},"end":{"line":51,"column":66}},"22":{"start":{"line":53,"column":28},"end":{"line":53,"column":70}},"23":{"start":{"line":55,"column":4},"end":{"line":55,"column":72}},"24":{"start":{"line":55,"column":31},"end":{"line":55,"column":70}},"25":{"start":{"line":62,"column":4},"end":{"line":62,"column":65}},"26":{"start":{"line":64,"column":25},"end":{"line":64,"column":71}},"27":{"start":{"line":66,"column":4},"end":{"line":66,"column":51}},"28":{"start":{"line":78,"column":4},"end":{"line":78,"column":81}},"29":{"start":{"line":80,"column":18},"end":{"line":80,"column":79}},"30":{"start":{"line":82,"column":4},"end":{"line":82,"column":51}},"31":{"start":{"line":93,"column":4},"end":{"line":93,"column":67}},"32":{"start":{"line":95,"column":18},"end":{"line":95,"column":68}},"33":{"start":{"line":96,"column":4},"end":{"line":96,"column":51}},"34":{"start":{"line":107,"column":4},"end":{"line":107,"column":65}},"35":{"start":{"line":109,"column":4},"end":{"line":109,"column":50}},"36":{"start":{"line":111,"column":4},"end":{"line":111,"column":53}},"37":{"start":{"line":24,"column":13},"end":{"line":24,"column":29}},"38":{"start":{"line":39,"column":8},"end":{"line":45,"column":null}},"39":{"start":{"line":50,"column":8},"end":{"line":56,"column":null}},"40":{"start":{"line":61,"column":8},"end":{"line":67,"column":null}},"41":{"start":{"line":73,"column":8},"end":{"line":83,"column":null}},"42":{"start":{"line":89,"column":8},"end":{"line":97,"column":null}},"43":{"start":{"line":103,"column":8},"end":{"line":112,"column":null}},"44":{"start":{"line":24,"column":13},"end":{"line":113,"column":null}}},"fnMap":{"0":{"name":"(anonymous_4)","decl":{"start":{"line":25,"column":2},"end":{"line":25,"column":null}},"loc":{"start":{"line":27,"column":49},"end":{"line":28,"column":7}}},"1":{"name":"(anonymous_5)","decl":{"start":{"line":39,"column":8},"end":{"line":39,"column":14}},"loc":{"start":{"line":39,"column":91},"end":{"line":45,"column":3}}},"2":{"name":"(anonymous_6)","decl":{"start":{"line":50,"column":8},"end":{"line":50,"column":15}},"loc":{"start":{"line":50,"column":52},"end":{"line":56,"column":3}}},"3":{"name":"(anonymous_7)","decl":{"start":{"line":55,"column":22},"end":{"line":55,"column":27}},"loc":{"start":{"line":55,"column":31},"end":{"line":55,"column":70}}},"4":{"name":"(anonymous_8)","decl":{"start":{"line":61,"column":8},"end":{"line":61,"column":15}},"loc":{"start":{"line":61,"column":77},"end":{"line":67,"column":3}}},"5":{"name":"(anonymous_9)","decl":{"start":{"line":73,"column":8},"end":{"line":73,"column":14}},"loc":{"start":{"line":76,"column":40},"end":{"line":83,"column":3}}},"6":{"name":"(anonymous_10)","decl":{"start":{"line":89,"column":8},"end":{"line":89,"column":14}},"loc":{"start":{"line":91,"column":40},"end":{"line":97,"column":3}}},"7":{"name":"(anonymous_11)","decl":{"start":{"line":103,"column":8},"end":{"line":103,"column":14}},"loc":{"start":{"line":105,"column":40},"end":{"line":112,"column":3}}}},"branchMap":{},"s":{"0":3,"1":3,"2":3,"3":3,"4":3,"5":3,"6":3,"7":3,"8":3,"9":3,"10":3,"11":3,"12":3,"13":3,"14":3,"15":3,"16":3,"17":3,"18":55,"19":55,"20":55,"21":1,"22":1,"23":1,"24":50,"25":1,"26":1,"27":1,"28":1,"29":1,"30":1,"31":2,"32":2,"33":2,"34":1,"35":1,"36":1,"37":3,"38":3,"39":3,"40":3,"41":3,"42":3,"43":3,"44":3},"f":{"0":3,"1":55,"2":1,"3":50,"4":1,"5":1,"6":2,"7":1},"b":{}}
,"/workspaces/QTOPS/nestjs/day_5/src/orders/dto/create-order.dto.ts": {"path":"/workspaces/QTOPS/nestjs/day_5/src/orders/dto/create-order.dto.ts","statementMap":{"0":{"start":{"line":1,"column":0},"end":{"line":1,"column":41}},"1":{"start":{"line":2,"column":0},"end":{"line":2,"column":93}},"2":{"start":{"line":4,"column":0},"end":{"line":4,"column":13}},"3":{"start":{"line":6,"column":4},"end":{"line":6,"column":null}},"4":{"start":{"line":10,"column":4},"end":{"line":10,"column":null}},"5":{"start":{"line":13,"column":0},"end":{"line":13,"column":13}},"6":{"start":{"line":18,"column":4},"end":{"line":18,"column":null}},"7":{"start":{"line":17,"column":16},"end":{"line":17,"column":28}}},"fnMap":{"0":{"name":"(anonymous_2)","decl":{"start":{"line":17,"column":10},"end":{"line":17,"column":13}},"loc":{"start":{"line":17,"column":16},"end":{"line":17,"column":28}}}},"branchMap":{},"s":{"0":3,"1":3,"2":3,"3":3,"4":3,"5":3,"6":3,"7":55},"f":{"0":55},"b":{}}
,"/workspaces/QTOPS/nestjs/day_5/src/orders/dto/order.response.dto.ts": {"path":"/workspaces/QTOPS/nestjs/day_5/src/orders/dto/order.response.dto.ts","statementMap":{"0":{"start":{"line":1,"column":0},"end":{"line":1,"column":48}},"1":{"start":{"line":2,"column":0},"end":{"line":2,"column":54}},"2":{"start":{"line":3,"column":0},"end":{"line":3,"column":63}},"3":{"start":{"line":5,"column":0},"end":{"line":5,"column":13}},"4":{"start":{"line":13,"column":0},"end":{"line":13,"column":13}}},"fnMap":{},"branchMap":{},"s":{"0":3,"1":3,"2":3,"3":3,"4":3},"f":{},"b":{}}
,"/workspaces/QTOPS/nestjs/day_5/src/orders/dto/update-order.dto.ts": {"path":"/workspaces/QTOPS/nestjs/day_5/src/orders/dto/update-order.dto.ts","statementMap":{"0":{"start":{"line":1,"column":0},"end":{"line":1,"column":54}},"1":{"start":{"line":2,"column":0},"end":{"line":2,"column":61}},"2":{"start":{"line":3,"column":0},"end":{"line":3,"column":66}},"3":{"start":{"line":4,"column":0},"end":{"line":4,"column":69}},"4":{"start":{"line":6,"column":20},"end":{"line":6,"column":70}},"5":{"start":{"line":8,"column":0},"end":{"line":8,"column":13}},"6":{"start":{"line":11,"column":4},"end":{"line":11,"column":null}},"7":{"start":{"line":16,"column":4},"end":{"line":16,"column":null}}},"fnMap":{},"branchMap":{},"s":{"0":3,"1":3,"2":3,"3":3,"4":3,"5":3,"6":3,"7":3},"f":{},"b":{}}
,"/workspaces/QTOPS/nestjs/day_5/src/orders/entities/order-item.entity.ts": {"path":"/workspaces/QTOPS/nestjs/day_5/src/orders/entities/order-item.entity.ts","statementMap":{"0":{"start":{"line":1,"column":0},"end":{"line":1,"column":54}},"1":{"start":{"line":2,"column":0},"end":{"line":2,"column":60}},"2":{"start":{"line":3,"column":0},"end":{"line":3,"column":88}},"3":{"start":{"line":6,"column":7},"end":{"line":22,"column":null}},"4":{"start":{"line":6,"column":13},"end":{"line":6,"column":22}},"5":{"start":{"line":8,"column":4},"end":{"line":8,"column":null}},"6":{"start":{"line":12,"column":4},"end":{"line":12,"column":null}},"7":{"start":{"line":10,"column":21},"end":{"line":10,"column":26}},"8":{"start":{"line":10,"column":37},"end":{"line":10,"column":48}},"9":{"start":{"line":15,"column":4},"end":{"line":15,"column":null}},"10":{"start":{"line":14,"column":21},"end":{"line":14,"column":28}},"11":{"start":{"line":18,"column":4},"end":{"line":18,"column":null}},"12":{"start":{"line":21,"column":4},"end":{"line":21,"column":null}},"13":{"start":{"line":6,"column":13},"end":{"line":22,"column":null}}},"fnMap":{"0":{"name":"(anonymous_2)","decl":{"start":{"line":10,"column":15},"end":{"line":10,"column":18}},"loc":{"start":{"line":10,"column":21},"end":{"line":10,"column":26}}},"1":{"name":"(anonymous_3)","decl":{"start":{"line":10,"column":28},"end":{"line":10,"column":33}},"loc":{"start":{"line":10,"column":37},"end":{"line":10,"column":48}}},"2":{"name":"(anonymous_4)","decl":{"start":{"line":14,"column":15},"end":{"line":14,"column":18}},"loc":{"start":{"line":14,"column":21},"end":{"line":14,"column":28}}}},"branchMap":{},"s":{"0":3,"1":3,"2":3,"3":3,"4":3,"5":3,"6":3,"7":3,"8":3,"9":3,"10":3,"11":3,"12":3,"13":3},"f":{"0":3,"1":3,"2":3},"b":{}}
,"/workspaces/QTOPS/nestjs/day_5/src/orders/entities/order.entity.ts": {"path":"/workspaces/QTOPS/nestjs/day_5/src/orders/entities/order.entity.ts","statementMap":{"0":{"start":{"line":1,"column":0},"end":{"line":1,"column":51}},"1":{"start":{"line":2,"column":0},"end":{"line":2,"column":63}},"2":{"start":{"line":3,"column":0},"end":{"line":3,"column":66}},"3":{"start":{"line":4,"column":0},"end":{"line":4,"column":105}},"4":{"start":{"line":7,"column":7},"end":{"line":28,"column":null}},"5":{"start":{"line":7,"column":13},"end":{"line":7,"column":18}},"6":{"start":{"line":9,"column":4},"end":{"line":9,"column":null}},"7":{"start":{"line":12,"column":4},"end":{"line":12,"column":null}},"8":{"start":{"line":11,"column":21},"end":{"line":11,"column":30}},"9":{"start":{"line":11,"column":40},"end":{"line":11,"column":50}},"10":{"start":{"line":15,"column":4},"end":{"line":15,"column":null}},"11":{"start":{"line":18,"column":4},"end":{"line":18,"column":null}},"12":{"start":{"line":21,"column":4},"end":{"line":21,"column":null}},"13":{"start":{"line":20,"column":21},"end":{"line":20,"column":25}},"14":{"start":{"line":20,"column":35},"end":{"line":20,"column":46}},"15":{"start":{"line":27,"column":4},"end":{"line":27,"column":null}},"16":{"start":{"line":7,"column":13},"end":{"line":28,"column":null}}},"fnMap":{"0":{"name":"(anonymous_2)","decl":{"start":{"line":11,"column":15},"end":{"line":11,"column":18}},"loc":{"start":{"line":11,"column":21},"end":{"line":11,"column":30}}},"1":{"name":"(anonymous_3)","decl":{"start":{"line":11,"column":32},"end":{"line":11,"column":36}},"loc":{"start":{"line":11,"column":40},"end":{"line":11,"column":50}}},"2":{"name":"(anonymous_4)","decl":{"start":{"line":20,"column":15},"end":{"line":20,"column":18}},"loc":{"start":{"line":20,"column":21},"end":{"line":20,"column":25}}},"3":{"name":"(anonymous_5)","decl":{"start":{"line":20,"column":27},"end":{"line":20,"column":31}},"loc":{"start":{"line":20,"column":35},"end":{"line":20,"column":46}}}},"branchMap":{},"s":{"0":3,"1":3,"2":3,"3":3,"4":3,"5":3,"6":3,"7":3,"8":3,"9":3,"10":3,"11":3,"12":3,"13":3,"14":3,"15":3,"16":3},"f":{"0":3,"1":3,"2":3,"3":3},"b":{}}
,"/workspaces/QTOPS/nestjs/day_5/src/orders/services/orders.service.ts": {"path":"/workspaces/QTOPS/nestjs/day_5/src/orders/services/orders.service.ts","statementMap":{"0":{"start":{"line":1,"column":0},"end":{"line":1,"column":37}},"1":{"start":{"line":2,"column":0},"end":{"line":2,"column":51}},"2":{"start":{"line":4,"column":0},"end":{"line":4,"column":52}},"3":{"start":{"line":5,"column":0},"end":{"line":5,"column":54}},"4":{"start":{"line":8,"column":0},"end":{"line":8,"column":63}},"5":{"start":{"line":9,"column":0},"end":{"line":9,"column":66}},"6":{"start":{"line":11,"column":0},"end":{"line":11,"column":70}},"7":{"start":{"line":12,"column":0},"end":{"line":12,"column":91}},"8":{"start":{"line":13,"column":0},"end":{"line":13,"column":113}},"9":{"start":{"line":14,"column":0},"end":{"line":14,"column":139}},"10":{"start":{"line":17,"column":7},"end":{"line":163,"column":null}},"11":{"start":{"line":19,"column":21},"end":{"line":19,"column":29}},"12":{"start":{"line":21,"column":21},"end":{"line":21,"column":32}},"13":{"start":{"line":23,"column":21},"end":{"line":23,"column":36}},"14":{"start":{"line":24,"column":21},"end":{"line":24,"column":38}},"15":{"start":{"line":28,"column":18},"end":{"line":28,"column":38}},"16":{"start":{"line":30,"column":21},"end":{"line":30,"column":22}},"17":{"start":{"line":31,"column":36},"end":{"line":31,"column":38}},"18":{"start":{"line":33,"column":4},"end":{"line":53,"column":5}},"19":{"start":{"line":34,"column":22},"end":{"line":34,"column":73}},"20":{"start":{"line":36,"column":6},"end":{"line":38,"column":7}},"21":{"start":{"line":37,"column":8},"end":{"line":37,"column":59}},"22":{"start":{"line":40,"column":6},"end":{"line":42,"column":7}},"23":{"start":{"line":41,"column":8},"end":{"line":41,"column":89}},"24":{"start":{"line":44,"column":6},"end":{"line":44,"column":58}},"25":{"start":{"line":46,"column":24},"end":{"line":50,"column":8}},"26":{"start":{"line":52,"column":6},"end":{"line":52,"column":33}},"27":{"start":{"line":55,"column":18},"end":{"line":60,"column":6}},"28":{"start":{"line":62,"column":4},"end":{"line":62,"column":38}},"29":{"start":{"line":67,"column":18},"end":{"line":70,"column":6}},"30":{"start":{"line":72,"column":4},"end":{"line":74,"column":5}},"31":{"start":{"line":73,"column":6},"end":{"line":73,"column":57}},"32":{"start":{"line":76,"column":4},"end":{"line":78,"column":5}},"33":{"start":{"line":77,"column":6},"end":{"line":77,"column":76}},"34":{"start":{"line":80,"column":4},"end":{"line":80,"column":17}},"35":{"start":{"line":84,"column":18},"end":{"line":84,"column":112}},"36":{"start":{"line":86,"column":4},"end":{"line":88,"column":5}},"37":{"start":{"line":87,"column":6},"end":{"line":87,"column":57}},"38":{"start":{"line":90,"column":4},"end":{"line":92,"column":5}},"39":{"start":{"line":91,"column":6},"end":{"line":91,"column":83}},"40":{"start":{"line":94,"column":4},"end":{"line":96,"column":5}},"41":{"start":{"line":95,"column":6},"end":{"line":95,"column":63}},"42":{"start":{"line":98,"column":4},"end":{"line":100,"column":5}},"43":{"start":{"line":99,"column":6},"end":{"line":99,"column":96}},"44":{"start":{"line":102,"column":4},"end":{"line":102,"column":30}},"45":{"start":{"line":103,"column":4},"end":{"line":103,"column":38}},"46":{"start":{"line":107,"column":18},"end":{"line":110,"column":6}},"47":{"start":{"line":112,"column":4},"end":{"line":114,"column":5}},"48":{"start":{"line":113,"column":6},"end":{"line":113,"column":59}},"49":{"start":{"line":116,"column":4},"end":{"line":118,"column":5}},"50":{"start":{"line":117,"column":6},"end":{"line":117,"column":71}},"51":{"start":{"line":120,"column":4},"end":{"line":122,"column":5}},"52":{"start":{"line":121,"column":6},"end":{"line":121,"column":69}},"53":{"start":{"line":124,"column":4},"end":{"line":124,"column":41}},"54":{"start":{"line":125,"column":4},"end":{"line":125,"column":38}},"55":{"start":{"line":129,"column":18},"end":{"line":129,"column":112}},"56":{"start":{"line":131,"column":4},"end":{"line":133,"column":5}},"57":{"start":{"line":132,"column":6},"end":{"line":132,"column":57}},"58":{"start":{"line":135,"column":4},"end":{"line":137,"column":5}},"59":{"start":{"line":136,"column":6},"end":{"line":136,"column":81}},"60":{"start":{"line":139,"column":4},"end":{"line":139,"column":39}},"61":{"start":{"line":143,"column":4},"end":{"line":145,"column":5}},"62":{"start":{"line":144,"column":6},"end":{"line":144,"column":84}},"63":{"start":{"line":147,"column":4},"end":{"line":147,"column":99}},"64":{"start":{"line":151,"column":4},"end":{"line":161,"column":6}},"65":{"start":{"line":154,"column":38},"end":{"line":158,"column":8}},"66":{"start":{"line":17,"column":13},"end":{"line":17,"column":26}},"67":{"start":{"line":17,"column":13},"end":{"line":163,"column":null}}},"fnMap":{"0":{"name":"(anonymous_4)","decl":{"start":{"line":18,"column":2},"end":{"line":18,"column":null}},"loc":{"start":{"line":24,"column":53},"end":{"line":25,"column":7}}},"1":{"name":"(anonymous_5)","decl":{"start":{"line":27,"column":2},"end":{"line":27,"column":7}},"loc":{"start":{"line":27,"column":57},"end":{"line":63,"column":3}}},"2":{"name":"(anonymous_6)","decl":{"start":{"line":66,"column":2},"end":{"line":66,"column":7}},"loc":{"start":{"line":66,"column":38},"end":{"line":81,"column":3}}},"3":{"name":"(anonymous_7)","decl":{"start":{"line":83,"column":2},"end":{"line":83,"column":7}},"loc":{"start":{"line":83,"column":58},"end":{"line":104,"column":3}}},"4":{"name":"(anonymous_8)","decl":{"start":{"line":106,"column":2},"end":{"line":106,"column":7}},"loc":{"start":{"line":106,"column":47},"end":{"line":126,"column":3}}},"5":{"name":"(anonymous_9)","decl":{"start":{"line":128,"column":2},"end":{"line":128,"column":7}},"loc":{"start":{"line":128,"column":37},"end":{"line":140,"column":3}}},"6":{"name":"(anonymous_10)","decl":{"start":{"line":142,"column":2},"end":{"line":142,"column":7}},"loc":{"start":{"line":142,"column":26},"end":{"line":148,"column":3}}},"7":{"name":"(anonymous_11)","decl":{"start":{"line":150,"column":9},"end":{"line":150,"column":22}},"loc":{"start":{"line":150,"column":35},"end":{"line":162,"column":3}}},"8":{"name":"(anonymous_12)","decl":{"start":{"line":154,"column":29},"end":{"line":154,"column":33}},"loc":{"start":{"line":154,"column":38},"end":{"line":158,"column":8}}}},"branchMap":{"0":{"loc":{"start":{"line":36,"column":6},"end":{"line":38,"column":7}},"type":"if","locations":[{"start":{"line":36,"column":6},"end":{"line":38,"column":7}},{"start":{},"end":{}}]},"1":{"loc":{"start":{"line":40,"column":6},"end":{"line":42,"column":7}},"type":"if","locations":[{"start":{"line":40,"column":6},"end":{"line":42,"column":7}},{"start":{},"end":{}}]},"2":{"loc":{"start":{"line":72,"column":4},"end":{"line":74,"column":5}},"type":"if","locations":[{"start":{"line":72,"column":4},"end":{"line":74,"column":5}},{"start":{},"end":{}}]},"3":{"loc":{"start":{"line":76,"column":4},"end":{"line":78,"column":5}},"type":"if","locations":[{"start":{"line":76,"column":4},"end":{"line":78,"column":5}},{"start":{},"end":{}}]},"4":{"loc":{"start":{"line":76,"column":8},"end":{"line":76,"column":69}},"type":"binary-expr","locations":[{"start":{"line":76,"column":8},"end":{"line":76,"column":33}},{"start":{"line":76,"column":37},"end":{"line":76,"column":69}}]},"5":{"loc":{"start":{"line":86,"column":4},"end":{"line":88,"column":5}},"type":"if","locations":[{"start":{"line":86,"column":4},"end":{"line":88,"column":5}},{"start":{},"end":{}}]},"6":{"loc":{"start":{"line":90,"column":4},"end":{"line":92,"column":5}},"type":"if","locations":[{"start":{"line":90,"column":4},"end":{"line":92,"column":5}},{"start":{},"end":{}}]},"7":{"loc":{"start":{"line":90,"column":8},"end":{"line":90,"column":69}},"type":"binary-expr","locations":[{"start":{"line":90,"column":8},"end":{"line":90,"column":33}},{"start":{"line":90,"column":37},"end":{"line":90,"column":69}}]},"8":{"loc":{"start":{"line":94,"column":4},"end":{"line":96,"column":5}},"type":"if","locations":[{"start":{"line":94,"column":4},"end":{"line":96,"column":5}},{"start":{},"end":{}}]},"9":{"loc":{"start":{"line":94,"column":8},"end":{"line":94,"column":70}},"type":"binary-expr","locations":[{"start":{"line":94,"column":8},"end":{"line":94,"column":18}},{"start":{"line":94,"column":22},"end":{"line":94,"column":70}}]},"10":{"loc":{"start":{"line":98,"column":4},"end":{"line":100,"column":5}},"type":"if","locations":[{"start":{"line":98,"column":4},"end":{"line":100,"column":5}},{"start":{},"end":{}}]},"11":{"loc":{"start":{"line":98,"column":8},"end":{"line":98,"column":78}},"type":"binary-expr","locations":[{"start":{"line":98,"column":8},"end":{"line":98,"column":40}},{"start":{"line":98,"column":44},"end":{"line":98,"column":78}}]},"12":{"loc":{"start":{"line":112,"column":4},"end":{"line":114,"column":5}},"type":"if","locations":[{"start":{"line":112,"column":4},"end":{"line":114,"column":5}},{"start":{},"end":{}}]},"13":{"loc":{"start":{"line":116,"column":4},"end":{"line":118,"column":5}},"type":"if","locations":[{"start":{"line":116,"column":4},"end":{"line":118,"column":5}},{"start":{},"end":{}}]},"14":{"loc":{"start":{"line":116,"column":8},"end":{"line":116,"column":69}},"type":"binary-expr","locations":[{"start":{"line":116,"column":8},"end":{"line":116,"column":33}},{"start":{"line":116,"column":37},"end":{"line":116,"column":69}}]},"15":{"loc":{"start":{"line":120,"column":4},"end":{"line":122,"column":5}},"type":"if","locations":[{"start":{"line":120,"column":4},"end":{"line":122,"column":5}},{"start":{},"end":{}}]},"16":{"loc":{"start":{"line":131,"column":4},"end":{"line":133,"column":5}},"type":"if","locations":[{"start":{"line":131,"column":4},"end":{"line":133,"column":5}},{"start":{},"end":{}}]},"17":{"loc":{"start":{"line":135,"column":4},"end":{"line":137,"column":5}},"type":"if","locations":[{"start":{"line":135,"column":4},"end":{"line":137,"column":5}},{"start":{},"end":{}}]},"18":{"loc":{"start":{"line":135,"column":8},"end":{"line":135,"column":69}},"type":"binary-expr","locations":[{"start":{"line":135,"column":8},"end":{"line":135,"column":33}},{"start":{"line":135,"column":37},"end":{"line":135,"column":69}}]},"19":{"loc":{"start":{"line":143,"column":4},"end":{"line":145,"column":5}},"type":"if","locations":[{"start":{"line":143,"column":4},"end":{"line":145,"column":5}},{"start":{},"end":{}}]}},"s":{"0":3,"1":3,"2":3,"3":3,"4":3,"5":3,"6":3,"7":3,"8":3,"9":3,"10":3,"11":3,"12":3,"13":3,"14":3,"15":55,"16":55,"17":55,"18":55,"19":55,"20":55,"21":0,"22":55,"23":0,"24":55,"25":55,"26":55,"27":55,"28":55,"29":1,"30":1,"31":0,"32":1,"33":0,"34":1,"35":1,"36":1,"37":0,"38":1,"39":0,"40":1,"41":0,"42":1,"43":0,"44":1,"45":1,"46":2,"47":2,"48":0,"49":2,"50":0,"51":2,"52":0,"53":2,"54":2,"55":1,"56":1,"57":0,"58":1,"59":0,"60":1,"61":1,"62":1,"63":0,"64":109,"65":109,"66":3,"67":3},"f":{"0":3,"1":55,"2":1,"3":1,"4":2,"5":1,"6":1,"7":109,"8":109},"b":{"0":[0,55],"1":[0,55],"2":[0,1],"3":[0,1],"4":[1,0],"5":[0,1],"6":[0,1],"7":[1,0],"8":[0,1],"9":[1,1],"10":[0,1],"11":[1,0],"12":[0,2],"13":[0,2],"14":[2,0],"15":[0,2],"16":[0,1],"17":[0,1],"18":[1,0],"19":[1,0]}}
,"/workspaces/QTOPS/nestjs/day_5/src/products/products.module.ts": {"path":"/workspaces/QTOPS/nestjs/day_5/src/products/products.module.ts","statementMap":{"0":{"start":{"line":1,"column":0},"end":{"line":1,"column":40}},"1":{"start":{"line":2,"column":0},"end":{"line":2,"column":47}},"2":{"start":{"line":3,"column":0},"end":{"line":3,"column":48}},"3":{"start":{"line":4,"column":0},"end":{"line":4,"column":50}},"4":{"start":{"line":5,"column":0},"end":{"line":5,"column":53}},"5":{"start":{"line":6,"column":0},"end":{"line":6,"column":60}},"6":{"start":{"line":7,"column":0},"end":{"line":7,"column":70}},"7":{"start":{"line":8,"column":0},"end":{"line":8,"column":79}},"8":{"start":{"line":16,"column":7},"end":{"line":16,"column":null}},"9":{"start":{"line":16,"column":13},"end":{"line":16,"column":27}},"10":{"start":{"line":16,"column":13},"end":{"line":16,"column":null}}},"fnMap":{},"branchMap":{},"s":{"0":3,"1":3,"2":3,"3":3,"4":3,"5":3,"6":3,"7":3,"8":3,"9":3,"10":3},"f":{},"b":{}}
,"/workspaces/QTOPS/nestjs/day_5/src/products/controllers/products.controller.ts": {"path":"/workspaces/QTOPS/nestjs/day_5/src/products/controllers/products.controller.ts","statementMap":{"0":{"start":{"line":1,"column":0},"end":{"line":1,"column":52}},"1":{"start":{"line":2,"column":0},"end":{"line":2,"column":56}},"2":{"start":{"line":3,"column":0},"end":{"line":3,"column":58}},"3":{"start":{"line":4,"column":0},"end":{"line":4,"column":59}},"4":{"start":{"line":5,"column":0},"end":{"line":5,"column":60}},"5":{"start":{"line":8,"column":0},"end":{"line":8,"column":68}},"6":{"start":{"line":9,"column":0},"end":{"line":9,"column":68}},"7":{"start":{"line":10,"column":0},"end":{"line":10,"column":70}},"8":{"start":{"line":11,"column":0},"end":{"line":11,"column":74}},"9":{"start":{"line":12,"column":0},"end":{"line":12,"column":74}},"10":{"start":{"line":13,"column":0},"end":{"line":13,"column":78}},"11":{"start":{"line":14,"column":0},"end":{"line":14,"column":98}},"12":{"start":{"line":15,"column":0},"end":{"line":15,"column":145}},"13":{"start":{"line":22,"column":7},"end":{"line":77,"column":null}},"14":{"start":{"line":24,"column":21},"end":{"line":24,"column":29}},"15":{"start":{"line":25,"column":21},"end":{"line":25,"column":38}},"16":{"start":{"line":32,"column":4},"end":{"line":32,"column":45}},"17":{"start":{"line":33,"column":21},"end":{"line":33,"column":57}},"18":{"start":{"line":34,"column":4},"end":{"line":34,"column":68}},"19":{"start":{"line":34,"column":29},"end":{"line":34,"column":66}},"20":{"start":{"line":41,"column":4},"end":{"line":41,"column":55}},"21":{"start":{"line":43,"column":29},"end":{"line":43,"column":79}},"22":{"start":{"line":45,"column":4},"end":{"line":45,"column":55}},"23":{"start":{"line":52,"column":4},"end":{"line":52,"column":46}},"24":{"start":{"line":54,"column":20},"end":{"line":54,"column":58}},"25":{"start":{"line":55,"column":4},"end":{"line":55,"column":55}},"26":{"start":{"line":62,"column":4},"end":{"line":62,"column":55}},"27":{"start":{"line":64,"column":20},"end":{"line":64,"column":62}},"28":{"start":{"line":65,"column":4},"end":{"line":65,"column":55}},"29":{"start":{"line":72,"column":4},"end":{"line":72,"column":55}},"30":{"start":{"line":74,"column":4},"end":{"line":74,"column":42}},"31":{"start":{"line":75,"column":4},"end":{"line":75,"column":58}},"32":{"start":{"line":22,"column":13},"end":{"line":22,"column":31}},"33":{"start":{"line":31,"column":8},"end":{"line":35,"column":null}},"34":{"start":{"line":40,"column":8},"end":{"line":46,"column":null}},"35":{"start":{"line":51,"column":8},"end":{"line":56,"column":null}},"36":{"start":{"line":61,"column":8},"end":{"line":66,"column":null}},"37":{"start":{"line":71,"column":8},"end":{"line":76,"column":null}},"38":{"start":{"line":22,"column":13},"end":{"line":77,"column":null}}},"fnMap":{"0":{"name":"(anonymous_4)","decl":{"start":{"line":23,"column":2},"end":{"line":23,"column":null}},"loc":{"start":{"line":25,"column":53},"end":{"line":26,"column":7}}},"1":{"name":"(anonymous_5)","decl":{"start":{"line":31,"column":8},"end":{"line":31,"column":15}},"loc":{"start":{"line":31,"column":15},"end":{"line":35,"column":3}}},"2":{"name":"(anonymous_6)","decl":{"start":{"line":34,"column":24},"end":{"line":34,"column":25}},"loc":{"start":{"line":34,"column":29},"end":{"line":34,"column":66}}},"3":{"name":"(anonymous_7)","decl":{"start":{"line":40,"column":8},"end":{"line":40,"column":15}},"loc":{"start":{"line":40,"column":39},"end":{"line":46,"column":3}}},"4":{"name":"(anonymous_8)","decl":{"start":{"line":51,"column":8},"end":{"line":51,"column":14}},"loc":{"start":{"line":51,"column":44},"end":{"line":56,"column":3}}},"5":{"name":"(anonymous_9)","decl":{"start":{"line":61,"column":8},"end":{"line":61,"column":14}},"loc":{"start":{"line":61,"column":69},"end":{"line":66,"column":3}}},"6":{"name":"(anonymous_10)","decl":{"start":{"line":71,"column":8},"end":{"line":71,"column":14}},"loc":{"start":{"line":71,"column":38},"end":{"line":76,"column":3}}}},"branchMap":{},"s":{"0":3,"1":3,"2":3,"3":3,"4":3,"5":3,"6":3,"7":3,"8":3,"9":3,"10":3,"11":3,"12":3,"13":3,"14":3,"15":3,"16":1,"17":1,"18":1,"19":100,"20":1,"21":1,"22":1,"23":104,"24":104,"25":104,"26":1,"27":1,"28":1,"29":1,"30":1,"31":1,"32":3,"33":3,"34":3,"35":3,"36":3,"37":3,"38":3},"f":{"0":3,"1":1,"2":100,"3":1,"4":104,"5":1,"6":1},"b":{}}
,"/workspaces/QTOPS/nestjs/day_5/src/products/dto/create-product.dto.ts": {"path":"/workspaces/QTOPS/nestjs/day_5/src/products/dto/create-product.dto.ts","statementMap":{"0":{"start":{"line":1,"column":0},"end":{"line":1,"column":48}},"1":{"start":{"line":2,"column":0},"end":{"line":2,"column":58}},"2":{"start":{"line":3,"column":0},"end":{"line":3,"column":60}},"3":{"start":{"line":5,"column":0},"end":{"line":5,"column":13}},"4":{"start":{"line":7,"column":4},"end":{"line":7,"column":null}},"5":{"start":{"line":11,"column":4},"end":{"line":11,"column":null}},"6":{"start":{"line":15,"column":4},"end":{"line":15,"column":null}}},"fnMap":{},"branchMap":{},"s":{"0":3,"1":3,"2":3,"3":3,"4":3,"5":3,"6":3},"f":{},"b":{}}
,"/workspaces/QTOPS/nestjs/day_5/src/products/dto/update-product.dto.ts": {"path":"/workspaces/QTOPS/nestjs/day_5/src/products/dto/update-product.dto.ts","statementMap":{"0":{"start":{"line":1,"column":0},"end":{"line":1,"column":51}},"1":{"start":{"line":2,"column":0},"end":{"line":2,"column":68}},"2":{"start":{"line":4,"column":0},"end":{"line":4,"column":13}}},"fnMap":{},"branchMap":{},"s":{"0":3,"1":3,"2":3},"f":{},"b":{}}
,"/workspaces/QTOPS/nestjs/day_5/src/products/entities/product.entity.ts": {"path":"/workspaces/QTOPS/nestjs/day_5/src/products/entities/product.entity.ts","statementMap":{"0":{"start":{"line":1,"column":0},"end":{"line":1,"column":43}},"1":{"start":{"line":2,"column":0},"end":{"line":2,"column":63}},"2":{"start":{"line":3,"column":0},"end":{"line":3,"column":76}},"3":{"start":{"line":6,"column":7},"end":{"line":25,"column":null}},"4":{"start":{"line":6,"column":13},"end":{"line":6,"column":20}},"5":{"start":{"line":9,"column":4},"end":{"line":9,"column":null}},"6":{"start":{"line":13,"column":4},"end":{"line":13,"column":null}},"7":{"start":{"line":17,"column":4},"end":{"line":17,"column":null}},"8":{"start":{"line":21,"column":4},"end":{"line":21,"column":null}},"9":{"start":{"line":24,"column":4},"end":{"line":24,"column":null}},"10":{"start":{"line":23,"column":21},"end":{"line":23,"column":30}},"11":{"start":{"line":23,"column":40},"end":{"line":23,"column":52}},"12":{"start":{"line":6,"column":13},"end":{"line":25,"column":null}}},"fnMap":{"0":{"name":"(anonymous_2)","decl":{"start":{"line":23,"column":15},"end":{"line":23,"column":18}},"loc":{"start":{"line":23,"column":21},"end":{"line":23,"column":30}}},"1":{"name":"(anonymous_3)","decl":{"start":{"line":23,"column":32},"end":{"line":23,"column":36}},"loc":{"start":{"line":23,"column":40},"end":{"line":23,"column":52}}}},"branchMap":{},"s":{"0":3,"1":3,"2":3,"3":3,"4":3,"5":3,"6":3,"7":3,"8":3,"9":3,"10":3,"11":3,"12":3},"f":{"0":3,"1":3},"b":{}}
,"/workspaces/QTOPS/nestjs/day_5/src/products/services/products.service.ts": {"path":"/workspaces/QTOPS/nestjs/day_5/src/products/services/products.service.ts","statementMap":{"0":{"start":{"line":1,"column":0},"end":{"line":1,"column":37}},"1":{"start":{"line":2,"column":0},"end":{"line":2,"column":44}},"2":{"start":{"line":3,"column":0},"end":{"line":3,"column":51}},"3":{"start":{"line":4,"column":0},"end":{"line":4,"column":60}},"4":{"start":{"line":7,"column":0},"end":{"line":7,"column":111}},"5":{"start":{"line":10,"column":7},"end":{"line":63,"column":null}},"6":{"start":{"line":13,"column":21},"end":{"line":13,"column":34}},"7":{"start":{"line":17,"column":4},"end":{"line":17,"column":55}},"8":{"start":{"line":21,"column":4},"end":{"line":21,"column":35}},"9":{"start":{"line":25,"column":20},"end":{"line":25,"column":48}},"10":{"start":{"line":27,"column":4},"end":{"line":27,"column":42}},"11":{"start":{"line":31,"column":20},"end":{"line":31,"column":69}},"12":{"start":{"line":33,"column":4},"end":{"line":35,"column":5}},"13":{"start":{"line":34,"column":6},"end":{"line":34,"column":70}},"14":{"start":{"line":37,"column":4},"end":{"line":37,"column":32}},"15":{"start":{"line":38,"column":4},"end":{"line":38,"column":42}},"16":{"start":{"line":42,"column":20},"end":{"line":42,"column":92}},"17":{"start":{"line":44,"column":4},"end":{"line":46,"column":5}},"18":{"start":{"line":45,"column":6},"end":{"line":45,"column":70}},"19":{"start":{"line":48,"column":4},"end":{"line":50,"column":5}},"20":{"start":{"line":49,"column":6},"end":{"line":49,"column":109}},"21":{"start":{"line":52,"column":4},"end":{"line":52,"column":43}},"22":{"start":{"line":56,"column":4},"end":{"line":61,"column":6}},"23":{"start":{"line":10,"column":13},"end":{"line":10,"column":28}},"24":{"start":{"line":10,"column":13},"end":{"line":63,"column":null}}},"fnMap":{"0":{"name":"(anonymous_4)","decl":{"start":{"line":11,"column":2},"end":{"line":11,"column":null}},"loc":{"start":{"line":13,"column":53},"end":{"line":14,"column":7}}},"1":{"name":"(anonymous_5)","decl":{"start":{"line":16,"column":2},"end":{"line":16,"column":10}},"loc":{"start":{"line":16,"column":21},"end":{"line":18,"column":3}}},"2":{"name":"(anonymous_6)","decl":{"start":{"line":20,"column":2},"end":{"line":20,"column":9}},"loc":{"start":{"line":20,"column":9},"end":{"line":22,"column":3}}},"3":{"name":"(anonymous_7)","decl":{"start":{"line":24,"column":2},"end":{"line":24,"column":7}},"loc":{"start":{"line":24,"column":36},"end":{"line":28,"column":3}}},"4":{"name":"(anonymous_8)","decl":{"start":{"line":30,"column":2},"end":{"line":30,"column":7}},"loc":{"start":{"line":30,"column":48},"end":{"line":39,"column":3}}},"5":{"name":"(anonymous_9)","decl":{"start":{"line":41,"column":2},"end":{"line":41,"column":7}},"loc":{"start":{"line":41,"column":25},"end":{"line":53,"column":3}}},"6":{"name":"(anonymous_10)","decl":{"start":{"line":55,"column":2},"end":{"line":55,"column":15}},"loc":{"start":{"line":55,"column":32},"end":{"line":62,"column":3}}}},"branchMap":{"0":{"loc":{"start":{"line":33,"column":4},"end":{"line":35,"column":5}},"type":"if","locations":[{"start":{"line":33,"column":4},"end":{"line":35,"column":5}},{"start":{},"end":{}}]},"1":{"loc":{"start":{"line":44,"column":4},"end":{"line":46,"column":5}},"type":"if","locations":[{"start":{"line":44,"column":4},"end":{"line":46,"column":5}},{"start":{},"end":{}}]},"2":{"loc":{"start":{"line":48,"column":4},"end":{"line":50,"column":5}},"type":"if","locations":[{"start":{"line":48,"column":4},"end":{"line":50,"column":5}},{"start":{},"end":{}}]},"3":{"loc":{"start":{"line":48,"column":8},"end":{"line":48,"column":51}},"type":"binary-expr","locations":[{"start":{"line":48,"column":8},"end":{"line":48,"column":22}},{"start":{"line":48,"column":26},"end":{"line":48,"column":51}}]}},"s":{"0":3,"1":3,"2":3,"3":3,"4":3,"5":3,"6":3,"7":56,"8":1,"9":104,"10":104,"11":1,"12":1,"13":0,"14":1,"15":1,"16":1,"17":1,"18":0,"19":1,"20":0,"21":1,"22":206,"23":3,"24":3},"f":{"0":3,"1":56,"2":1,"3":104,"4":1,"5":1,"6":206},"b":{"0":[0,1],"1":[0,1],"2":[0,1],"3":[1,1]}}
,"/workspaces/QTOPS/nestjs/day_5/src/users/users.module.ts": {"path":"/workspaces/QTOPS/nestjs/day_5/src/users/users.module.ts","statementMap":{"0":{"start":{"line":1,"column":0},"end":{"line":1,"column":52}},"1":{"start":{"line":2,"column":0},"end":{"line":2,"column":47}},"2":{"start":{"line":3,"column":0},"end":{"line":3,"column":48}},"3":{"start":{"line":4,"column":0},"end":{"line":4,"column":51}},"4":{"start":{"line":5,"column":0},"end":{"line":5,"column":53}},"5":{"start":{"line":6,"column":0},"end":{"line":6,"column":61}},"6":{"start":{"line":7,"column":0},"end":{"line":7,"column":65}},"7":{"start":{"line":8,"column":0},"end":{"line":8,"column":70}},"8":{"start":{"line":16,"column":7},"end":{"line":16,"column":null}},"9":{"start":{"line":16,"column":13},"end":{"line":16,"column":24}},"10":{"start":{"line":16,"column":13},"end":{"line":16,"column":null}},"11":{"start":{"line":14,"column":29},"end":{"line":14,"column":39}},"12":{"start":{"line":14,"column":93},"end":{"line":14,"column":105}}},"fnMap":{"0":{"name":"(anonymous_1)","decl":{"start":{"line":14,"column":23},"end":{"line":14,"column":26}},"loc":{"start":{"line":14,"column":29},"end":{"line":14,"column":39}}},"1":{"name":"(anonymous_2)","decl":{"start":{"line":14,"column":87},"end":{"line":14,"column":90}},"loc":{"start":{"line":14,"column":93},"end":{"line":14,"column":105}}}},"branchMap":{},"s":{"0":3,"1":3,"2":3,"3":3,"4":3,"5":3,"6":3,"7":3,"8":3,"9":3,"10":3,"11":9,"12":9},"f":{"0":9,"1":9},"b":{}}
,"/workspaces/QTOPS/nestjs/day_5/src/users/controllers/users.controller.ts": {"path":"/workspaces/QTOPS/nestjs/day_5/src/users/controllers/users.controller.ts","statementMap":{"0":{"start":{"line":1,"column":0},"end":{"line":1,"column":33}},"1":{"start":{"line":2,"column":0},"end":{"line":2,"column":41}},"2":{"start":{"line":4,"column":0},"end":{"line":4,"column":57}},"3":{"start":{"line":5,"column":0},"end":{"line":5,"column":59}},"4":{"start":{"line":6,"column":0},"end":{"line":6,"column":61}},"5":{"start":{"line":8,"column":0},"end":{"line":8,"column":65}},"6":{"start":{"line":9,"column":0},"end":{"line":9,"column":65}},"7":{"start":{"line":11,"column":0},"end":{"line":11,"column":132}},"8":{"start":{"line":12,"column":0},"end":{"line":12,"column":56}},"9":{"start":{"line":17,"column":7},"end":{"line":95,"column":null}},"10":{"start":{"line":19,"column":21},"end":{"line":19,"column":29}},"11":{"start":{"line":20,"column":21},"end":{"line":20,"column":33}},"12":{"start":{"line":21,"column":21},"end":{"line":21,"column":35}},"13":{"start":{"line":22,"column":21},"end":{"line":22,"column":37}},"14":{"start":{"line":29,"column":4},"end":{"line":29,"column":79}},"15":{"start":{"line":31,"column":4},"end":{"line":33,"column":5}},"16":{"start":{"line":32,"column":6},"end":{"line":32,"column":57}},"17":{"start":{"line":35,"column":17},"end":{"line":35,"column":63}},"18":{"start":{"line":37,"column":4},"end":{"line":39,"column":5}},"19":{"start":{"line":38,"column":6},"end":{"line":38,"column":40}},"20":{"start":{"line":41,"column":28},"end":{"line":41,"column":77}},"21":{"start":{"line":43,"column":4},"end":{"line":45,"column":5}},"22":{"start":{"line":44,"column":6},"end":{"line":44,"column":42}},"23":{"start":{"line":47,"column":20},"end":{"line":47,"column":69}},"24":{"start":{"line":49,"column":4},"end":{"line":51,"column":5}},"25":{"start":{"line":50,"column":6},"end":{"line":50,"column":64}},"26":{"start":{"line":53,"column":20},"end":{"line":53,"column":55}},"27":{"start":{"line":54,"column":18},"end":{"line":54,"column":47}},"28":{"start":{"line":56,"column":4},"end":{"line":56,"column":34}},"29":{"start":{"line":62,"column":4},"end":{"line":62,"column":87}},"30":{"start":{"line":64,"column":23},"end":{"line":64,"column":68}},"31":{"start":{"line":66,"column":4},"end":{"line":66,"column":49}},"32":{"start":{"line":72,"column":4},"end":{"line":72,"column":55}},"33":{"start":{"line":74,"column":30},"end":{"line":74,"column":72}},"34":{"start":{"line":76,"column":4},"end":{"line":78,"column":5}},"35":{"start":{"line":77,"column":6},"end":{"line":77,"column":60}},"36":{"start":{"line":80,"column":4},"end":{"line":80,"column":49}},"37":{"start":{"line":89,"column":4},"end":{"line":89,"column":138}},"38":{"start":{"line":91,"column":30},"end":{"line":91,"column":81}},"39":{"start":{"line":93,"column":4},"end":{"line":93,"column":56}},"40":{"start":{"line":17,"column":13},"end":{"line":17,"column":28}},"41":{"start":{"line":28,"column":8},"end":{"line":57,"column":null}},"42":{"start":{"line":61,"column":8},"end":{"line":67,"column":null}},"43":{"start":{"line":71,"column":8},"end":{"line":81,"column":null}},"44":{"start":{"line":85,"column":8},"end":{"line":94,"column":null}},"45":{"start":{"line":17,"column":13},"end":{"line":95,"column":null}}},"fnMap":{"0":{"name":"(anonymous_13)","decl":{"start":{"line":18,"column":2},"end":{"line":18,"column":null}},"loc":{"start":{"line":22,"column":51},"end":{"line":23,"column":7}}},"1":{"name":"(anonymous_14)","decl":{"start":{"line":28,"column":8},"end":{"line":28,"column":13}},"loc":{"start":{"line":28,"column":39},"end":{"line":57,"column":3}}},"2":{"name":"(anonymous_15)","decl":{"start":{"line":61,"column":8},"end":{"line":61,"column":14}},"loc":{"start":{"line":61,"column":51},"end":{"line":67,"column":3}}},"3":{"name":"(anonymous_16)","decl":{"start":{"line":71,"column":8},"end":{"line":71,"column":15}},"loc":{"start":{"line":71,"column":45},"end":{"line":81,"column":3}}},"4":{"name":"(anonymous_17)","decl":{"start":{"line":85,"column":8},"end":{"line":85,"column":21}},"loc":{"start":{"line":87,"column":33},"end":{"line":94,"column":3}}}},"branchMap":{"0":{"loc":{"start":{"line":31,"column":4},"end":{"line":33,"column":5}},"type":"if","locations":[{"start":{"line":31,"column":4},"end":{"line":33,"column":5}},{"start":{},"end":{}}]},"1":{"loc":{"start":{"line":31,"column":8},"end":{"line":31,"column":35}},"type":"binary-expr","locations":[{"start":{"line":31,"column":8},"end":{"line":31,"column":18}},{"start":{"line":31,"column":22},"end":{"line":31,"column":35}}]},"2":{"loc":{"start":{"line":37,"column":4},"end":{"line":39,"column":5}},"type":"if","locations":[{"start":{"line":37,"column":4},"end":{"line":39,"column":5}},{"start":{},"end":{}}]},"3":{"loc":{"start":{"line":43,"column":4},"end":{"line":45,"column":5}},"type":"if","locations":[{"start":{"line":43,"column":4},"end":{"line":45,"column":5}},{"start":{},"end":{}}]},"4":{"loc":{"start":{"line":49,"column":4},"end":{"line":51,"column":5}},"type":"if","locations":[{"start":{"line":49,"column":4},"end":{"line":51,"column":5}},{"start":{},"end":{}}]},"5":{"loc":{"start":{"line":76,"column":4},"end":{"line":78,"column":5}},"type":"if","locations":[{"start":{"line":76,"column":4},"end":{"line":78,"column":5}},{"start":{},"end":{}}]},"6":{"loc":{"start":{"line":89,"column":102},"end":{"line":89,"column":134}},"type":"cond-expr","locations":[{"start":{"line":89,"column":117},"end":{"line":89,"column":122}},{"start":{"line":89,"column":125},"end":{"line":89,"column":134}}]}},"s":{"0":3,"1":3,"2":3,"3":3,"4":3,"5":3,"6":3,"7":3,"8":3,"9":3,"10":3,"11":3,"12":3,"13":3,"14":3,"15":3,"16":0,"17":3,"18":3,"19":0,"20":3,"21":3,"22":0,"23":3,"24":3,"25":0,"26":3,"27":3,"28":3,"29":103,"30":103,"31":103,"32":1,"33":1,"34":1,"35":0,"36":1,"37":1,"38":1,"39":1,"40":3,"41":3,"42":3,"43":3,"44":3,"45":3},"f":{"0":3,"1":3,"2":103,"3":1,"4":1},"b":{"0":[0,3],"1":[3,3],"2":[0,3],"3":[0,3],"4":[0,3],"5":[0,1],"6":[0,1]}}
,"/workspaces/QTOPS/nestjs/day_5/src/users/dto/create-user.dto.ts": {"path":"/workspaces/QTOPS/nestjs/day_5/src/users/dto/create-user.dto.ts","statementMap":{"0":{"start":{"line":1,"column":0},"end":{"line":1,"column":48}},"1":{"start":{"line":2,"column":0},"end":{"line":2,"column":51}},"2":{"start":{"line":4,"column":0},"end":{"line":4,"column":13}}},"fnMap":{},"branchMap":{},"s":{"0":3,"1":3,"2":3},"f":{},"b":{}}
,"/workspaces/QTOPS/nestjs/day_5/src/users/dto/login-user.dto.ts": {"path":"/workspaces/QTOPS/nestjs/day_5/src/users/dto/login-user.dto.ts","statementMap":{"0":{"start":{"line":1,"column":0},"end":{"line":1,"column":63}},"1":{"start":{"line":3,"column":0},"end":{"line":3,"column":13}},"2":{"start":{"line":5,"column":4},"end":{"line":5,"column":null}},"3":{"start":{"line":9,"column":4},"end":{"line":9,"column":null}}},"fnMap":{},"branchMap":{},"s":{"0":3,"1":3,"2":3,"3":3},"f":{},"b":{}}
,"/workspaces/QTOPS/nestjs/day_5/src/users/dto/update-profile.dto.ts": {"path":"/workspaces/QTOPS/nestjs/day_5/src/users/dto/update-profile.dto.ts","statementMap":{"0":{"start":{"line":1,"column":0},"end":{"line":1,"column":51}},"1":{"start":{"line":2,"column":0},"end":{"line":2,"column":61}},"2":{"start":{"line":4,"column":0},"end":{"line":4,"column":13}}},"fnMap":{},"branchMap":{},"s":{"0":3,"1":3,"2":3},"f":{},"b":{}}
,"/workspaces/QTOPS/nestjs/day_5/src/users/entities/user.entity.ts": {"path":"/workspaces/QTOPS/nestjs/day_5/src/users/entities/user.entity.ts","statementMap":{"0":{"start":{"line":1,"column":0},"end":{"line":1,"column":52}},"1":{"start":{"line":2,"column":0},"end":{"line":2,"column":54}},"2":{"start":{"line":3,"column":0},"end":{"line":3,"column":80}},"3":{"start":{"line":4,"column":0},"end":{"line":4,"column":94}},"4":{"start":{"line":7,"column":7},"end":{"line":38,"column":null}},"5":{"start":{"line":7,"column":13},"end":{"line":7,"column":17}},"6":{"start":{"line":9,"column":4},"end":{"line":9,"column":null}},"7":{"start":{"line":13,"column":4},"end":{"line":13,"column":null}},"8":{"start":{"line":18,"column":4},"end":{"line":18,"column":null}},"9":{"start":{"line":23,"column":4},"end":{"line":23,"column":null}},"10":{"start":{"line":26,"column":4},"end":{"line":26,"column":null}},"11":{"start":{"line":29,"column":4},"end":{"line":29,"column":null}},"12":{"start":{"line":34,"column":4},"end":{"line":34,"column":null}},"13":{"start":{"line":37,"column":4},"end":{"line":37,"column":null}},"14":{"start":{"line":36,"column":21},"end":{"line":36,"column":26}},"15":{"start":{"line":36,"column":37},"end":{"line":36,"column":47}},"16":{"start":{"line":7,"column":13},"end":{"line":38,"column":null}}},"fnMap":{"0":{"name":"(anonymous_2)","decl":{"start":{"line":36,"column":15},"end":{"line":36,"column":18}},"loc":{"start":{"line":36,"column":21},"end":{"line":36,"column":26}}},"1":{"name":"(anonymous_3)","decl":{"start":{"line":36,"column":28},"end":{"line":36,"column":33}},"loc":{"start":{"line":36,"column":37},"end":{"line":36,"column":47}}}},"branchMap":{},"s":{"0":3,"1":3,"2":3,"3":3,"4":3,"5":3,"6":3,"7":3,"8":3,"9":3,"10":3,"11":3,"12":3,"13":3,"14":3,"15":3,"16":3},"f":{"0":3,"1":3},"b":{}}
,"/workspaces/QTOPS/nestjs/day_5/src/users/services/profile.service.ts": {"path":"/workspaces/QTOPS/nestjs/day_5/src/users/services/profile.service.ts","statementMap":{"0":{"start":{"line":1,"column":0},"end":{"line":1,"column":33}},"1":{"start":{"line":2,"column":0},"end":{"line":2,"column":37}},"2":{"start":{"line":3,"column":0},"end":{"line":3,"column":51}},"3":{"start":{"line":4,"column":0},"end":{"line":4,"column":51}},"4":{"start":{"line":5,"column":0},"end":{"line":5,"column":63}},"5":{"start":{"line":9,"column":7},"end":{"line":32,"column":null}},"6":{"start":{"line":12,"column":25},"end":{"line":12,"column":41}},"7":{"start":{"line":16,"column":21},"end":{"line":16,"column":76}},"8":{"start":{"line":18,"column":8},"end":{"line":20,"column":9}},"9":{"start":{"line":19,"column":12},"end":{"line":19,"column":78}},"10":{"start":{"line":22,"column":8},"end":{"line":24,"column":9}},"11":{"start":{"line":23,"column":12},"end":{"line":23,"column":33}},"12":{"start":{"line":26,"column":8},"end":{"line":28,"column":9}},"13":{"start":{"line":27,"column":12},"end":{"line":27,"column":64}},"14":{"start":{"line":30,"column":8},"end":{"line":30,"column":46}},"15":{"start":{"line":9,"column":13},"end":{"line":9,"column":27}},"16":{"start":{"line":9,"column":13},"end":{"line":32,"column":null}}},"fnMap":{"0":{"name":"(anonymous_13)","decl":{"start":{"line":10,"column":4},"end":{"line":10,"column":null}},"loc":{"start":{"line":12,"column":57},"end":{"line":13,"column":9}}},"1":{"name":"(anonymous_14)","decl":{"start":{"line":15,"column":4},"end":{"line":15,"column":9}},"loc":{"start":{"line":15,"column":60},"end":{"line":31,"column":5}}}},"branchMap":{"0":{"loc":{"start":{"line":18,"column":8},"end":{"line":20,"column":9}},"type":"if","locations":[{"start":{"line":18,"column":8},"end":{"line":20,"column":9}},{"start":{},"end":{}}]},"1":{"loc":{"start":{"line":22,"column":8},"end":{"line":24,"column":9}},"type":"if","locations":[{"start":{"line":22,"column":8},"end":{"line":24,"column":9}},{"start":{},"end":{}}]},"2":{"loc":{"start":{"line":26,"column":8},"end":{"line":28,"column":9}},"type":"if","locations":[{"start":{"line":26,"column":8},"end":{"line":28,"column":9}},{"start":{},"end":{}}]}},"s":{"0":3,"1":3,"2":3,"3":3,"4":3,"5":3,"6":3,"7":1,"8":1,"9":0,"10":1,"11":1,"12":1,"13":0,"14":1,"15":3,"16":3},"f":{"0":3,"1":1},"b":{"0":[0,1],"1":[1,0],"2":[0,1]}}
,"/workspaces/QTOPS/nestjs/day_5/src/users/services/users.service.ts": {"path":"/workspaces/QTOPS/nestjs/day_5/src/users/services/users.service.ts","statementMap":{"0":{"start":{"line":1,"column":0},"end":{"line":1,"column":33}},"1":{"start":{"line":2,"column":0},"end":{"line":2,"column":37}},"2":{"start":{"line":3,"column":0},"end":{"line":3,"column":44}},"3":{"start":{"line":4,"column":0},"end":{"line":4,"column":51}},"4":{"start":{"line":5,"column":0},"end":{"line":5,"column":51}},"5":{"start":{"line":6,"column":0},"end":{"line":6,"column":52}},"6":{"start":{"line":11,"column":7},"end":{"line":45,"column":null}},"7":{"start":{"line":14,"column":21},"end":{"line":14,"column":37}},"8":{"start":{"line":18,"column":27},"end":{"line":18,"column":72}},"9":{"start":{"line":20,"column":17},"end":{"line":23,"column":null}},"10":{"start":{"line":26,"column":4},"end":{"line":26,"column":42}},"11":{"start":{"line":30,"column":4},"end":{"line":30,"column":61}},"12":{"start":{"line":34,"column":4},"end":{"line":34,"column":58}},"13":{"start":{"line":38,"column":4},"end":{"line":43,"column":6}},"14":{"start":{"line":11,"column":13},"end":{"line":11,"column":25}},"15":{"start":{"line":11,"column":13},"end":{"line":45,"column":null}}},"fnMap":{"0":{"name":"(anonymous_13)","decl":{"start":{"line":12,"column":2},"end":{"line":12,"column":null}},"loc":{"start":{"line":14,"column":53},"end":{"line":15,"column":7}}},"1":{"name":"(anonymous_14)","decl":{"start":{"line":17,"column":2},"end":{"line":17,"column":7}},"loc":{"start":{"line":17,"column":43},"end":{"line":27,"column":3}}},"2":{"name":"(anonymous_15)","decl":{"start":{"line":29,"column":2},"end":{"line":29,"column":7}},"loc":{"start":{"line":29,"column":33},"end":{"line":31,"column":3}}},"3":{"name":"(anonymous_16)","decl":{"start":{"line":33,"column":2},"end":{"line":33,"column":7}},"loc":{"start":{"line":33,"column":27},"end":{"line":35,"column":3}}},"4":{"name":"(anonymous_17)","decl":{"start":{"line":37,"column":9},"end":{"line":37,"column":22}},"loc":{"start":{"line":37,"column":33},"end":{"line":44,"column":3}}}},"branchMap":{},"s":{"0":3,"1":3,"2":3,"3":3,"4":3,"5":3,"6":3,"7":3,"8":103,"9":103,"10":103,"11":4,"12":169,"13":105,"14":3,"15":3},"f":{"0":3,"1":103,"2":4,"3":169,"4":105},"b":{}}
,"/workspaces/QTOPS/nestjs/day_5/test/utils/test.helper.ts": {"path":"/workspaces/QTOPS/nestjs/day_5/test/utils/test.helper.ts","statementMap":{"0":{"start":{"line":1,"column":0},"end":{"line":1,"column":30}},"1":{"start":{"line":2,"column":0},"end":{"line":2,"column":32}},"2":{"start":{"line":5,"column":0},"end":{"line":5,"column":52}},"3":{"start":{"line":6,"column":0},"end":{"line":6,"column":54}},"4":{"start":{"line":7,"column":0},"end":{"line":7,"column":68}},"5":{"start":{"line":9,"column":0},"end":{"line":9,"column":46}},"6":{"start":{"line":10,"column":0},"end":{"line":10,"column":47}},"7":{"start":{"line":11,"column":0},"end":{"line":11,"column":50}},"8":{"start":{"line":12,"column":0},"end":{"line":12,"column":51}},"9":{"start":{"line":13,"column":0},"end":{"line":13,"column":53}},"10":{"start":{"line":14,"column":0},"end":{"line":14,"column":53}},"11":{"start":{"line":15,"column":0},"end":{"line":15,"column":54}},"12":{"start":{"line":16,"column":0},"end":{"line":16,"column":59}},"13":{"start":{"line":17,"column":0},"end":{"line":17,"column":60}},"14":{"start":{"line":18,"column":0},"end":{"line":18,"column":63}},"15":{"start":{"line":22,"column":8},"end":{"line":39,"column":21}},"16":{"start":{"line":43,"column":22},"end":{"line":43,"column":54}},"17":{"start":{"line":45,"column":8},"end":{"line":51,"column":15}},"18":{"start":{"line":53,"column":30},"end":{"line":55,"column":56}},"19":{"start":{"line":57,"column":8},"end":{"line":57,"column":46}},"20":{"start":{"line":61,"column":25},"end":{"line":61,"column":76}},"21":{"start":{"line":63,"column":25},"end":{"line":63,"column":36}},"22":{"start":{"line":64,"column":22},"end":{"line":64,"column":52}},"23":{"start":{"line":66,"column":22},"end":{"line":73,"column":10}},"24":{"start":{"line":75,"column":8},"end":{"line":75,"column":35}},"25":{"start":{"line":77,"column":25},"end":{"line":79,"column":38}},"26":{"start":{"line":81,"column":8},"end":{"line":81,"column":41}},"27":{"start":{"line":85,"column":8},"end":{"line":92,"column":9}},"28":{"start":{"line":85,"column":21},"end":{"line":85,"column":22}},"29":{"start":{"line":86,"column":12},"end":{"line":91,"column":13}},"30":{"start":{"line":87,"column":16},"end":{"line":87,"column":34}},"31":{"start":{"line":89,"column":16},"end":{"line":89,"column":49}},"32":{"start":{"line":89,"column":39},"end":{"line":89,"column":49}},"33":{"start":{"line":90,"column":16},"end":{"line":90,"column":75}},"34":{"start":{"line":90,"column":41},"end":{"line":90,"column":73}},"35":{"start":{"line":20,"column":0},"end":{"line":20,"column":13}}},"fnMap":{"0":{"name":"(anonymous_1)","decl":{"start":{"line":21,"column":4},"end":{"line":21,"column":10}},"loc":{"start":{"line":21,"column":56},"end":{"line":40,"column":5}}},"1":{"name":"(anonymous_2)","decl":{"start":{"line":42,"column":4},"end":{"line":42,"column":10}},"loc":{"start":{"line":42,"column":62},"end":{"line":58,"column":5}}},"2":{"name":"(anonymous_3)","decl":{"start":{"line":60,"column":4},"end":{"line":60,"column":10}},"loc":{"start":{"line":60,"column":54},"end":{"line":82,"column":5}}},"3":{"name":"(anonymous_4)","decl":{"start":{"line":84,"column":4},"end":{"line":84,"column":10}},"loc":{"start":{"line":84,"column":68},"end":{"line":93,"column":5}}},"4":{"name":"(anonymous_5)","decl":{"start":{"line":90,"column":34},"end":{"line":90,"column":37}},"loc":{"start":{"line":90,"column":41},"end":{"line":90,"column":73}}}},"branchMap":{"0":{"loc":{"start":{"line":21,"column":37},"end":{"line":21,"column":56}},"type":"default-arg","locations":[{"start":{"line":21,"column":54},"end":{"line":21,"column":56}}]},"1":{"loc":{"start":{"line":84,"column":44},"end":{"line":84,"column":55}},"type":"default-arg","locations":[{"start":{"line":84,"column":54},"end":{"line":84,"column":55}}]},"2":{"loc":{"start":{"line":84,"column":57},"end":{"line":84,"column":68}},"type":"default-arg","locations":[{"start":{"line":84,"column":65},"end":{"line":84,"column":68}}]},"3":{"loc":{"start":{"line":89,"column":16},"end":{"line":89,"column":49}},"type":"if","locations":[{"start":{"line":89,"column":16},"end":{"line":89,"column":49}},{"start":{},"end":{}}]}},"s":{"0":3,"1":3,"2":3,"3":3,"4":3,"5":3,"6":3,"7":3,"8":3,"9":3,"10":3,"11":3,"12":3,"13":3,"14":3,"15":3,"16":0,"17":0,"18":0,"19":0,"20":2,"21":2,"22":2,"23":2,"24":2,"25":2,"26":2,"27":250,"28":250,"29":299,"30":299,"31":49,"32":0,"33":49,"34":49,"35":3},"f":{"0":3,"1":0,"2":2,"3":250,"4":49},"b":{"0":[3],"1":[250],"2":[250],"3":[0,49]}}
}
