TN:
SF:src/auth/auth.module.ts
FN:13,(anonymous_1)
FN:18,(anonymous_2)
FNF:2
FNH:2
FNDA:3,(anonymous_1)
FNDA:9,(anonymous_2)
DA:1,3
DA:2,3
DA:3,3
DA:4,3
DA:5,3
DA:13,3
DA:18,9
DA:23,3
LF:8
LH:8
BRF:0
BRH:0
end_of_record
TN:
SF:src/common/common.module.ts
FN:8,(anonymous_1)
FNF:1
FNH:1
FNDA:9,(anonymous_1)
DA:1,3
DA:2,3
DA:3,3
DA:8,9
DA:10,3
LF:5
LH:5
BRF:0
BRH:0
end_of_record
TN:
SF:src/common/constants/roles.enum.ts
FN:1,(anonymous_0)
FNF:1
FNH:1
FNDA:3,(anonymous_0)
DA:1,3
DA:2,3
DA:3,3
LF:3
LH:3
BRDA:1,0,0,3
BRDA:1,0,1,3
BRF:2
BRH:2
end_of_record
TN:
SF:src/common/decorators/auth.guard.ts
FN:7,(anonymous_2)
FN:12,(anonymous_3)
FN:40,(anonymous_4)
FNF:3
FNH:3
FNDA:9,(anonymous_2)
FNDA:169,(anonymous_3)
FNDA:169,(anonymous_4)
DA:1,3
DA:2,3
DA:3,3
DA:6,3
DA:8,9
DA:9,9
DA:13,169
DA:14,169
DA:16,169
DA:17,0
DA:20,169
DA:21,169
DA:23,169
DA:24,0
DA:27,169
DA:29,169
DA:30,0
DA:33,169
DA:34,169
DA:36,0
DA:41,169
LF:21
LH:17
BRDA:16,0,0,0
BRDA:16,0,1,169
BRDA:23,1,0,0
BRDA:23,1,1,169
BRDA:23,2,0,169
BRDA:23,2,1,169
BRDA:29,3,0,0
BRDA:29,3,1,169
BRDA:29,4,0,169
BRDA:29,4,1,169
BRDA:41,5,0,0
BRDA:41,5,1,169
BRDA:41,6,0,169
BRDA:41,6,1,169
BRF:14
BRH:10
end_of_record
TN:
SF:src/common/decorators/retry.decorator.ts
FN:5,Retry
FNF:1
FNH:1
FNDA:12,Retry
DA:1,3
DA:2,3
DA:5,3
DA:6,12
LF:4
LH:4
BRF:0
BRH:0
end_of_record
TN:
SF:src/common/decorators/roles.decorator.ts
FN:4,(anonymous_0)
FNF:1
FNH:1
FNDA:33,(anonymous_0)
DA:1,3
DA:4,33
LF:2
LH:2
BRF:0
BRH:0
end_of_record
TN:
SF:src/common/decorators/roles.guard.ts
FN:7,(anonymous_2)
FN:9,(anonymous_3)
FN:26,(anonymous_4)
FNF:3
FNH:3
FNDA:6,(anonymous_2)
FNDA:169,(anonymous_3)
FNDA:228,(anonymous_4)
DA:1,3
DA:3,3
DA:6,3
DA:7,6
DA:10,169
DA:15,169
DA:16,0
DA:19,169
DA:20,169
DA:22,169
DA:23,0
DA:26,228
DA:28,169
DA:29,0
DA:32,169
LF:15
LH:12
BRDA:15,0,0,0
BRDA:15,0,1,169
BRDA:22,1,0,0
BRDA:22,1,1,169
BRDA:26,2,0,0
BRDA:26,2,1,228
BRDA:26,3,0,228
BRDA:26,3,1,228
BRDA:28,4,0,0
BRDA:28,4,1,169
BRF:10
BRH:6
end_of_record
TN:
SF:src/common/exceptions/domain.exceptions.ts
FN:4,(anonymous_0)
FN:10,(anonymous_1)
FN:16,(anonymous_2)
FN:30,(anonymous_3)
FNF:4
FNH:0
FNDA:0,(anonymous_0)
FNDA:0,(anonymous_1)
FNDA:0,(anonymous_2)
FNDA:0,(anonymous_3)
DA:1,3
DA:3,3
DA:5,0
DA:9,3
DA:11,0
DA:15,3
DA:17,0
DA:19,0
DA:20,0
DA:22,0
DA:23,0
DA:29,3
DA:31,0
LF:13
LH:5
BRDA:19,0,0,0
BRDA:19,0,1,0
BRDA:22,1,0,0
BRDA:22,1,1,0
BRDA:22,2,0,0
BRDA:22,2,1,0
BRF:6
BRH:0
end_of_record
TN:
SF:src/common/exceptions/ecommerce.exceptions.ts
FN:4,(anonymous_0)
FN:10,(anonymous_1)
FN:19,(anonymous_2)
FNF:3
FNH:0
FNDA:0,(anonymous_0)
FNDA:0,(anonymous_1)
FNDA:0,(anonymous_2)
DA:1,3
DA:3,3
DA:5,0
DA:9,3
DA:11,0
DA:18,3
DA:20,0
LF:7
LH:4
BRF:0
BRH:0
end_of_record
TN:
SF:src/common/interceptors/audit.interceptor.ts
FN:7,(anonymous_2)
FN:9,(anonymous_3)
FN:15,(anonymous_4)
FN:26,(anonymous_5)
FN:42,(anonymous_6)
FNF:5
FNH:4
FNDA:6,(anonymous_2)
FNDA:169,(anonymous_3)
FNDA:169,(anonymous_4)
FNDA:0,(anonymous_5)
FNDA:169,(anonymous_6)
DA:1,3
DA:2,3
DA:3,3
DA:6,3
DA:7,6
DA:10,169
DA:11,169
DA:12,169
DA:14,169
DA:16,169
DA:27,0
DA:37,0
DA:43,169
LF:13
LH:11
BRDA:12,0,0,169
BRDA:12,0,1,0
BRDA:12,1,0,0
BRDA:12,1,1,169
BRDA:12,2,0,169
BRDA:12,2,1,169
BRDA:17,3,0,0
BRDA:17,3,1,169
BRDA:17,4,0,169
BRDA:17,4,1,169
BRDA:28,5,0,0
BRDA:28,5,1,0
BRDA:28,6,0,0
BRDA:28,6,1,0
BRDA:43,7,0,169
BRDA:43,7,1,161
BRDA:43,8,0,0
BRDA:43,8,1,169
BRDA:43,9,0,169
BRDA:43,9,1,169
BRDA:43,10,0,2
BRDA:43,10,1,159
BRDA:43,11,0,161
BRDA:43,11,1,161
BRF:24
BRH:16
end_of_record
TN:
SF:src/common/interceptors/cache.interceptor.ts
FN:12,(anonymous_2)
FN:16,(anonymous_3)
FN:35,(anonymous_4)
FN:50,(anonymous_5)
FNF:4
FNH:4
FNDA:6,(anonymous_2)
FNDA:169,(anonymous_3)
FNDA:4,(anonymous_4)
FNDA:4,(anonymous_5)
DA:1,3
DA:2,3
DA:4,3
DA:7,3
DA:9,6
DA:10,6
DA:12,6
DA:13,6
DA:17,169
DA:18,169
DA:21,169
DA:22,4
DA:23,4
DA:25,4
DA:27,0
DA:28,0
DA:32,4
DA:34,4
DA:36,4
DA:42,165
DA:43,165
DA:44,165
DA:47,165
DA:51,4
DA:53,4
DA:54,4
DA:55,4
DA:57,4
LF:28
LH:26
BRDA:13,0,0,6
BRDA:13,0,1,0
BRDA:21,1,0,4
BRDA:21,1,1,165
BRDA:25,2,0,0
BRDA:25,2,1,4
BRDA:25,3,0,4
BRDA:25,3,1,0
BRDA:42,4,0,165
BRDA:42,4,1,0
BRDA:53,5,0,4
BRDA:53,5,1,0
BRDA:53,6,0,0
BRDA:53,6,1,4
BRDA:53,7,0,4
BRDA:53,7,1,4
BRDA:54,8,0,4
BRDA:54,8,1,0
BRDA:55,9,0,4
BRDA:55,9,1,0
BRF:20
BRH:12
end_of_record
TN:
SF:src/common/interceptors/logging.interceptor.ts
FN:5,(anonymous_1)
FN:8,(anonymous_2)
FN:15,(anonymous_3)
FNF:3
FNH:3
FNDA:6,(anonymous_1)
FNDA:169,(anonymous_2)
FNDA:169,(anonymous_3)
DA:1,3
DA:2,3
DA:5,3
DA:6,6
DA:9,169
DA:10,169
DA:12,169
DA:14,169
DA:16,169
DA:17,169
LF:10
LH:10
BRF:0
BRH:0
end_of_record
TN:
SF:src/common/interceptors/response-tranform.interceptor.ts
FN:6,(anonymous_1)
FN:8,(anonymous_2)
FNF:2
FNH:2
FNDA:169,(anonymous_1)
FNDA:169,(anonymous_2)
DA:1,3
DA:2,3
DA:5,3
DA:7,169
DA:8,169
LF:5
LH:5
BRF:0
BRH:0
end_of_record
TN:
SF:src/common/interceptors/retry.interceptor.ts
FN:6,(anonymous_2)
FN:11,(anonymous_3)
FN:15,(anonymous_4)
FNF:3
FNH:2
FNDA:12,(anonymous_2)
FNDA:59,(anonymous_3)
FNDA:0,(anonymous_4)
DA:1,3
DA:2,3
DA:5,3
DA:7,12
DA:8,12
DA:12,59
DA:16,0
DA:17,0
LF:8
LH:6
BRDA:7,0,0,0
BRDA:8,1,0,0
BRF:2
BRH:0
end_of_record
TN:
SF:src/common/services/audit.service.ts
FN:4,(anonymous_1)
FN:7,(anonymous_2)
FNF:2
FNH:2
FNDA:3,(anonymous_1)
FNDA:169,(anonymous_2)
DA:1,3
DA:4,3
DA:5,3
DA:8,169
LF:4
LH:4
BRF:0
BRH:0
end_of_record
TN:
SF:src/orders/orders.module.ts
FNF:0
FNH:0
DA:1,3
DA:2,3
DA:3,3
DA:4,3
DA:5,3
DA:6,3
DA:7,3
DA:8,3
DA:9,3
DA:10,3
DA:18,3
LF:11
LH:11
BRF:0
BRH:0
end_of_record
TN:
SF:src/orders/constants/order-status.enum.ts
FN:1,(anonymous_0)
FNF:1
FNH:1
FNDA:3,(anonymous_0)
DA:1,3
DA:2,3
DA:3,3
DA:4,3
LF:4
LH:4
BRDA:1,0,0,3
BRDA:1,0,1,3
BRF:2
BRH:2
end_of_record
TN:
SF:src/orders/controllers/orders.controller.ts
FN:25,(anonymous_4)
FN:39,(anonymous_5)
FN:50,(anonymous_6)
FN:55,(anonymous_7)
FN:61,(anonymous_8)
FN:73,(anonymous_9)
FN:89,(anonymous_10)
FN:103,(anonymous_11)
FNF:8
FNH:8
FNDA:3,(anonymous_4)
FNDA:55,(anonymous_5)
FNDA:1,(anonymous_6)
FNDA:50,(anonymous_7)
FNDA:1,(anonymous_8)
FNDA:1,(anonymous_9)
FNDA:2,(anonymous_10)
FNDA:1,(anonymous_11)
DA:1,3
DA:3,3
DA:4,3
DA:5,3
DA:6,3
DA:7,3
DA:8,3
DA:9,3
DA:10,3
DA:11,3
DA:12,3
DA:13,3
DA:14,3
DA:16,3
DA:17,3
DA:24,3
DA:26,3
DA:27,3
DA:39,3
DA:40,55
DA:42,55
DA:44,55
DA:50,3
DA:51,1
DA:53,1
DA:55,50
DA:61,3
DA:62,1
DA:64,1
DA:66,1
DA:73,3
DA:78,1
DA:80,1
DA:82,1
DA:89,3
DA:93,2
DA:95,2
DA:96,2
DA:103,3
DA:107,1
DA:109,1
DA:111,1
LF:42
LH:42
BRF:0
BRH:0
end_of_record
TN:
SF:src/orders/dto/create-order.dto.ts
FN:17,(anonymous_2)
FNF:1
FNH:1
FNDA:55,(anonymous_2)
DA:1,3
DA:2,3
DA:4,3
DA:6,3
DA:10,3
DA:13,3
DA:17,55
DA:18,3
LF:8
LH:8
BRF:0
BRH:0
end_of_record
TN:
SF:src/orders/dto/order.response.dto.ts
FNF:0
FNH:0
DA:1,3
DA:2,3
DA:3,3
DA:5,3
DA:13,3
LF:5
LH:5
BRF:0
BRH:0
end_of_record
TN:
SF:src/orders/dto/update-order.dto.ts
FNF:0
FNH:0
DA:1,3
DA:2,3
DA:3,3
DA:4,3
DA:6,3
DA:8,3
DA:11,3
DA:16,3
LF:8
LH:8
BRF:0
BRH:0
end_of_record
TN:
SF:src/orders/entities/order-item.entity.ts
FN:10,(anonymous_2)
FN:10,(anonymous_3)
FN:14,(anonymous_4)
FNF:3
FNH:3
FNDA:3,(anonymous_2)
FNDA:3,(anonymous_3)
FNDA:3,(anonymous_4)
DA:1,3
DA:2,3
DA:3,3
DA:6,3
DA:8,3
DA:10,3
DA:12,3
DA:14,3
DA:15,3
DA:18,3
DA:21,3
LF:11
LH:11
BRF:0
BRH:0
end_of_record
TN:
SF:src/orders/entities/order.entity.ts
FN:11,(anonymous_2)
FN:11,(anonymous_3)
FN:20,(anonymous_4)
FN:20,(anonymous_5)
FNF:4
FNH:4
FNDA:3,(anonymous_2)
FNDA:3,(anonymous_3)
FNDA:3,(anonymous_4)
FNDA:3,(anonymous_5)
DA:1,3
DA:2,3
DA:3,3
DA:4,3
DA:7,3
DA:9,3
DA:11,3
DA:12,3
DA:15,3
DA:18,3
DA:20,3
DA:21,3
DA:27,3
LF:13
LH:13
BRF:0
BRH:0
end_of_record
TN:
SF:src/orders/services/orders.service.ts
FN:18,(anonymous_4)
FN:27,(anonymous_5)
FN:66,(anonymous_6)
FN:83,(anonymous_7)
FN:106,(anonymous_8)
FN:128,(anonymous_9)
FN:142,(anonymous_10)
FN:150,(anonymous_11)
FN:154,(anonymous_12)
FNF:9
FNH:9
FNDA:3,(anonymous_4)
FNDA:55,(anonymous_5)
FNDA:1,(anonymous_6)
FNDA:1,(anonymous_7)
FNDA:2,(anonymous_8)
FNDA:1,(anonymous_9)
FNDA:1,(anonymous_10)
FNDA:109,(anonymous_11)
FNDA:109,(anonymous_12)
DA:1,3
DA:2,3
DA:4,3
DA:5,3
DA:8,3
DA:9,3
DA:11,3
DA:12,3
DA:13,3
DA:14,3
DA:17,3
DA:19,3
DA:21,3
DA:23,3
DA:24,3
DA:28,55
DA:30,55
DA:31,55
DA:33,55
DA:34,55
DA:36,55
DA:37,0
DA:40,55
DA:41,0
DA:44,55
DA:46,55
DA:52,55
DA:55,55
DA:62,55
DA:67,1
DA:72,1
DA:73,0
DA:76,1
DA:77,0
DA:80,1
DA:84,1
DA:86,1
DA:87,0
DA:90,1
DA:91,0
DA:94,1
DA:95,0
DA:98,1
DA:99,0
DA:102,1
DA:103,1
DA:107,2
DA:112,2
DA:113,0
DA:116,2
DA:117,0
DA:120,2
DA:121,0
DA:124,2
DA:125,2
DA:129,1
DA:131,1
DA:132,0
DA:135,1
DA:136,0
DA:139,1
DA:143,1
DA:144,1
DA:147,0
DA:151,109
DA:154,109
LF:66
LH:52
BRDA:36,0,0,0
BRDA:36,0,1,55
BRDA:40,1,0,0
BRDA:40,1,1,55
BRDA:72,2,0,0
BRDA:72,2,1,1
BRDA:76,3,0,0
BRDA:76,3,1,1
BRDA:76,4,0,1
BRDA:76,4,1,0
BRDA:86,5,0,0
BRDA:86,5,1,1
BRDA:90,6,0,0
BRDA:90,6,1,1
BRDA:90,7,0,1
BRDA:90,7,1,0
BRDA:94,8,0,0
BRDA:94,8,1,1
BRDA:94,9,0,1
BRDA:94,9,1,1
BRDA:98,10,0,0
BRDA:98,10,1,1
BRDA:98,11,0,1
BRDA:98,11,1,0
BRDA:112,12,0,0
BRDA:112,12,1,2
BRDA:116,13,0,0
BRDA:116,13,1,2
BRDA:116,14,0,2
BRDA:116,14,1,0
BRDA:120,15,0,0
BRDA:120,15,1,2
BRDA:131,16,0,0
BRDA:131,16,1,1
BRDA:135,17,0,0
BRDA:135,17,1,1
BRDA:135,18,0,1
BRDA:135,18,1,0
BRDA:143,19,0,1
BRDA:143,19,1,0
BRF:40
BRH:21
end_of_record
TN:
SF:src/products/products.module.ts
FNF:0
FNH:0
DA:1,3
DA:2,3
DA:3,3
DA:4,3
DA:5,3
DA:6,3
DA:7,3
DA:8,3
DA:16,3
LF:9
LH:9
BRF:0
BRH:0
end_of_record
TN:
SF:src/products/controllers/products.controller.ts
FN:23,(anonymous_4)
FN:31,(anonymous_5)
FN:34,(anonymous_6)
FN:40,(anonymous_7)
FN:51,(anonymous_8)
FN:61,(anonymous_9)
FN:71,(anonymous_10)
FNF:7
FNH:7
FNDA:3,(anonymous_4)
FNDA:1,(anonymous_5)
FNDA:100,(anonymous_6)
FNDA:1,(anonymous_7)
FNDA:104,(anonymous_8)
FNDA:1,(anonymous_9)
FNDA:1,(anonymous_10)
DA:1,3
DA:2,3
DA:3,3
DA:4,3
DA:5,3
DA:8,3
DA:9,3
DA:10,3
DA:11,3
DA:12,3
DA:13,3
DA:14,3
DA:15,3
DA:22,3
DA:24,3
DA:25,3
DA:31,3
DA:32,1
DA:33,1
DA:34,100
DA:40,3
DA:41,1
DA:43,1
DA:45,1
DA:51,3
DA:52,104
DA:54,104
DA:55,104
DA:61,3
DA:62,1
DA:64,1
DA:65,1
DA:71,3
DA:72,1
DA:74,1
DA:75,1
LF:36
LH:36
BRF:0
BRH:0
end_of_record
TN:
SF:src/products/dto/create-product.dto.ts
FNF:0
FNH:0
DA:1,3
DA:2,3
DA:3,3
DA:5,3
DA:7,3
DA:11,3
DA:15,3
LF:7
LH:7
BRF:0
BRH:0
end_of_record
TN:
SF:src/products/dto/update-product.dto.ts
FNF:0
FNH:0
DA:1,3
DA:2,3
DA:4,3
LF:3
LH:3
BRF:0
BRH:0
end_of_record
TN:
SF:src/products/entities/product.entity.ts
FN:23,(anonymous_2)
FN:23,(anonymous_3)
FNF:2
FNH:2
FNDA:3,(anonymous_2)
FNDA:3,(anonymous_3)
DA:1,3
DA:2,3
DA:3,3
DA:6,3
DA:9,3
DA:13,3
DA:17,3
DA:21,3
DA:23,3
DA:24,3
LF:10
LH:10
BRF:0
BRH:0
end_of_record
TN:
SF:src/products/services/products.service.ts
FN:11,(anonymous_4)
FN:16,(anonymous_5)
FN:20,(anonymous_6)
FN:24,(anonymous_7)
FN:30,(anonymous_8)
FN:41,(anonymous_9)
FN:55,(anonymous_10)
FNF:7
FNH:7
FNDA:3,(anonymous_4)
FNDA:56,(anonymous_5)
FNDA:1,(anonymous_6)
FNDA:104,(anonymous_7)
FNDA:1,(anonymous_8)
FNDA:1,(anonymous_9)
FNDA:206,(anonymous_10)
DA:1,3
DA:2,3
DA:3,3
DA:4,3
DA:7,3
DA:10,3
DA:13,3
DA:17,56
DA:21,1
DA:25,104
DA:27,104
DA:31,1
DA:33,1
DA:34,0
DA:37,1
DA:38,1
DA:42,1
DA:44,1
DA:45,0
DA:48,1
DA:49,0
DA:52,1
DA:56,206
LF:23
LH:20
BRDA:33,0,0,0
BRDA:33,0,1,1
BRDA:44,1,0,0
BRDA:44,1,1,1
BRDA:48,2,0,0
BRDA:48,2,1,1
BRDA:48,3,0,1
BRDA:48,3,1,1
BRF:8
BRH:5
end_of_record
TN:
SF:src/users/users.module.ts
FN:14,(anonymous_1)
FN:14,(anonymous_2)
FNF:2
FNH:2
FNDA:9,(anonymous_1)
FNDA:9,(anonymous_2)
DA:1,3
DA:2,3
DA:3,3
DA:4,3
DA:5,3
DA:6,3
DA:7,3
DA:8,3
DA:14,9
DA:16,3
LF:10
LH:10
BRF:0
BRH:0
end_of_record
TN:
SF:src/users/controllers/users.controller.ts
FN:18,(anonymous_13)
FN:28,(anonymous_14)
FN:61,(anonymous_15)
FN:71,(anonymous_16)
FN:85,(anonymous_17)
FNF:5
FNH:5
FNDA:3,(anonymous_13)
FNDA:3,(anonymous_14)
FNDA:103,(anonymous_15)
FNDA:1,(anonymous_16)
FNDA:1,(anonymous_17)
DA:1,3
DA:2,3
DA:4,3
DA:5,3
DA:6,3
DA:8,3
DA:9,3
DA:11,3
DA:12,3
DA:17,3
DA:19,3
DA:20,3
DA:21,3
DA:22,3
DA:28,3
DA:29,3
DA:31,3
DA:32,0
DA:35,3
DA:37,3
DA:38,0
DA:41,3
DA:43,3
DA:44,0
DA:47,3
DA:49,3
DA:50,0
DA:53,3
DA:54,3
DA:56,3
DA:61,3
DA:62,103
DA:64,103
DA:66,103
DA:71,3
DA:72,1
DA:74,1
DA:76,1
DA:77,0
DA:80,1
DA:85,3
DA:89,1
DA:91,1
DA:93,1
LF:44
LH:39
BRDA:31,0,0,0
BRDA:31,0,1,3
BRDA:31,1,0,3
BRDA:31,1,1,3
BRDA:37,2,0,0
BRDA:37,2,1,3
BRDA:43,3,0,0
BRDA:43,3,1,3
BRDA:49,4,0,0
BRDA:49,4,1,3
BRDA:76,5,0,0
BRDA:76,5,1,1
BRDA:89,6,0,0
BRDA:89,6,1,1
BRF:14
BRH:8
end_of_record
TN:
SF:src/users/dto/create-user.dto.ts
FNF:0
FNH:0
DA:1,3
DA:2,3
DA:4,3
LF:3
LH:3
BRF:0
BRH:0
end_of_record
TN:
SF:src/users/dto/login-user.dto.ts
FNF:0
FNH:0
DA:1,3
DA:3,3
DA:5,3
DA:9,3
LF:4
LH:4
BRF:0
BRH:0
end_of_record
TN:
SF:src/users/dto/update-profile.dto.ts
FNF:0
FNH:0
DA:1,3
DA:2,3
DA:4,3
LF:3
LH:3
BRF:0
BRH:0
end_of_record
TN:
SF:src/users/entities/user.entity.ts
FN:36,(anonymous_2)
FN:36,(anonymous_3)
FNF:2
FNH:2
FNDA:3,(anonymous_2)
FNDA:3,(anonymous_3)
DA:1,3
DA:2,3
DA:3,3
DA:4,3
DA:7,3
DA:9,3
DA:13,3
DA:18,3
DA:23,3
DA:26,3
DA:29,3
DA:34,3
DA:36,3
DA:37,3
LF:14
LH:14
BRF:0
BRH:0
end_of_record
TN:
SF:src/users/services/profile.service.ts
FN:10,(anonymous_13)
FN:15,(anonymous_14)
FNF:2
FNH:2
FNDA:3,(anonymous_13)
FNDA:1,(anonymous_14)
DA:1,3
DA:2,3
DA:3,3
DA:4,3
DA:5,3
DA:9,3
DA:12,3
DA:16,1
DA:18,1
DA:19,0
DA:22,1
DA:23,1
DA:26,1
DA:27,0
DA:30,1
LF:15
LH:13
BRDA:18,0,0,0
BRDA:18,0,1,1
BRDA:22,1,0,1
BRDA:22,1,1,0
BRDA:26,2,0,0
BRDA:26,2,1,1
BRF:6
BRH:3
end_of_record
TN:
SF:src/users/services/users.service.ts
FN:12,(anonymous_13)
FN:17,(anonymous_14)
FN:29,(anonymous_15)
FN:33,(anonymous_16)
FN:37,(anonymous_17)
FNF:5
FNH:5
FNDA:3,(anonymous_13)
FNDA:103,(anonymous_14)
FNDA:4,(anonymous_15)
FNDA:169,(anonymous_16)
FNDA:105,(anonymous_17)
DA:1,3
DA:2,3
DA:3,3
DA:4,3
DA:5,3
DA:6,3
DA:11,3
DA:14,3
DA:18,103
DA:20,103
DA:26,103
DA:30,4
DA:34,169
DA:38,105
LF:14
LH:14
BRF:0
BRH:0
end_of_record
TN:
SF:test/utils/test.helper.ts
FN:21,(anonymous_1)
FN:42,(anonymous_2)
FN:60,(anonymous_3)
FN:84,(anonymous_4)
FN:90,(anonymous_5)
FNF:5
FNH:4
FNDA:3,(anonymous_1)
FNDA:0,(anonymous_2)
FNDA:2,(anonymous_3)
FNDA:250,(anonymous_4)
FNDA:49,(anonymous_5)
DA:1,3
DA:2,3
DA:5,3
DA:6,3
DA:7,3
DA:9,3
DA:10,3
DA:11,3
DA:12,3
DA:13,3
DA:14,3
DA:15,3
DA:16,3
DA:17,3
DA:18,3
DA:20,3
DA:22,3
DA:43,0
DA:45,0
DA:53,0
DA:57,0
DA:61,2
DA:63,2
DA:64,2
DA:66,2
DA:75,2
DA:77,2
DA:81,2
DA:85,250
DA:86,299
DA:87,299
DA:89,49
DA:90,49
LF:33
LH:29
BRDA:21,0,0,3
BRDA:84,1,0,250
BRDA:84,2,0,250
BRDA:89,3,0,0
BRDA:89,3,1,49
BRF:5
BRH:4
end_of_record
